16:00:00.551 [org.springframework.jms.JmsListenerEndpointContainer#0-1] ERROR o.s.j.l.DefaultMessageListenerContainer - Could not refresh JMS Connection for destination 'activemq.queue' - retrying using FixedBackOff{interval=5000, currentAttempts=1080, maxAttempts=unlimited}. Cause: Could not connect to broker URL: tcp://localhost:61616. Reason: java.net.ConnectException: Connection refused
16:00:05.595 [org.springframework.jms.JmsListenerEndpointContainer#0-1] ERROR o.s.j.l.DefaultMessageListenerContainer - Could not refresh JMS Connection for destination 'activemq.queue' - retrying using FixedBackOff{interval=5000, currentAttempts=1081, maxAttempts=unlimited}. Cause: Could not connect to broker URL: tcp://localhost:61616. Reason: java.net.ConnectException: Connection refused
16:00:10.599 [org.springframework.jms.JmsListenerEndpointContainer#0-1] ERROR o.s.j.l.DefaultMessageListenerContainer - Could not refresh JMS Connection for destination 'activemq.queue' - retrying using FixedBackOff{interval=5000, currentAttempts=1082, maxAttempts=unlimited}. Cause: Could not connect to broker URL: tcp://localhost:61616. Reason: java.net.ConnectException: Connection refused
16:00:11.313 [Apollo-RemoteConfigLongPollService-1] WARN  c.c.f.a.i.RemoteConfigLongPollService - Long polling failed, will retry in 120 seconds. appId: platform, cluster: default, namespaces: application+message+sensitive-config, long polling url: null, reason: Get config services failed from http://meta.apollo.xxx.cn/services/config?appId=platform&ip=10.224.0.20 [Cause: Could not complete get operation [Cause: meta.apollo.xxx.cn]]
16:00:15.607 [org.springframework.jms.JmsListenerEndpointContainer#0-1] ERROR o.s.j.l.DefaultMessageListenerContainer - Could not refresh JMS Connection for destination 'activemq.queue' - retrying using FixedBackOff{interval=5000, currentAttempts=1083, maxAttempts=unlimited}. Cause: Could not connect to broker URL: tcp://localhost:61616. Reason: java.net.ConnectException: Connection refused
16:00:20.613 [org.springframework.jms.JmsListenerEndpointContainer#0-1] ERROR o.s.j.l.DefaultMessageListenerContainer - Could not refresh JMS Connection for destination 'activemq.queue' - retrying using FixedBackOff{interval=5000, currentAttempts=1084, maxAttempts=unlimited}. Cause: Could not connect to broker URL: tcp://localhost:61616. Reason: java.net.ConnectException: Connection refused
16:00:25.618 [org.springframework.jms.JmsListenerEndpointContainer#0-1] ERROR o.s.j.l.DefaultMessageListenerContainer - Could not refresh JMS Connection for destination 'activemq.queue' - retrying using FixedBackOff{interval=5000, currentAttempts=1085, maxAttempts=unlimited}. Cause: Could not connect to broker URL: tcp://localhost:61616. Reason: java.net.ConnectException: Connection refused
16:00:30.624 [org.springframework.jms.JmsListenerEndpointContainer#0-1] ERROR o.s.j.l.DefaultMessageListenerContainer - Could not refresh JMS Connection for destination 'activemq.queue' - retrying using FixedBackOff{interval=5000, currentAttempts=1086, maxAttempts=unlimited}. Cause: Could not connect to broker URL: tcp://localhost:61616. Reason: java.net.ConnectException: Connection refused
16:00:35.646 [org.springframework.jms.JmsListenerEndpointContainer#0-1] ERROR o.s.j.l.DefaultMessageListenerContainer - Could not refresh JMS Connection for destination 'activemq.queue' - retrying using FixedBackOff{interval=5000, currentAttempts=1087, maxAttempts=unlimited}. Cause: Could not connect to broker URL: tcp://localhost:61616. Reason: java.net.ConnectException: Connection refused
16:00:40.651 [org.springframework.jms.JmsListenerEndpointContainer#0-1] ERROR o.s.j.l.DefaultMessageListenerContainer - Could not refresh JMS Connection for destination 'activemq.queue' - retrying using FixedBackOff{interval=5000, currentAttempts=1088, maxAttempts=unlimited}. Cause: Could not connect to broker URL: tcp://localhost:61616. Reason: java.net.ConnectException: Connection refused
16:00:45.657 [org.springframework.jms.JmsListenerEndpointContainer#0-1] ERROR o.s.j.l.DefaultMessageListenerContainer - Could not refresh JMS Connection for destination 'activemq.queue' - retrying using FixedBackOff{interval=5000, currentAttempts=1089, maxAttempts=unlimited}. Cause: Could not connect to broker URL: tcp://localhost:61616. Reason: java.net.ConnectException: Connection refused
16:00:50.662 [org.springframework.jms.JmsListenerEndpointContainer#0-1] ERROR o.s.j.l.DefaultMessageListenerContainer - Could not refresh JMS Connection for destination 'activemq.queue' - retrying using FixedBackOff{interval=5000, currentAttempts=1090, maxAttempts=unlimited}. Cause: Could not connect to broker URL: tcp://localhost:61616. Reason: java.net.ConnectException: Connection refused
16:00:55.666 [org.springframework.jms.JmsListenerEndpointContainer#0-1] ERROR o.s.j.l.DefaultMessageListenerContainer - Could not refresh JMS Connection for destination 'activemq.queue' - retrying using FixedBackOff{interval=5000, currentAttempts=1091, maxAttempts=unlimited}. Cause: Could not connect to broker URL: tcp://localhost:61616. Reason: java.net.ConnectException: Connection refused
16:01:00.672 [org.springframework.jms.JmsListenerEndpointContainer#0-1] ERROR o.s.j.l.DefaultMessageListenerContainer - Could not refresh JMS Connection for destination 'activemq.queue' - retrying using FixedBackOff{interval=5000, currentAttempts=1092, maxAttempts=unlimited}. Cause: Could not connect to broker URL: tcp://localhost:61616. Reason: java.net.ConnectException: Connection refused
16:01:05.678 [org.springframework.jms.JmsListenerEndpointContainer#0-1] ERROR o.s.j.l.DefaultMessageListenerContainer - Could not refresh JMS Connection for destination 'activemq.queue' - retrying using FixedBackOff{interval=5000, currentAttempts=1093, maxAttempts=unlimited}. Cause: Could not connect to broker URL: tcp://localhost:61616. Reason: java.net.ConnectException: Connection refused
16:01:10.685 [org.springframework.jms.JmsListenerEndpointContainer#0-1] ERROR o.s.j.l.DefaultMessageListenerContainer - Could not refresh JMS Connection for destination 'activemq.queue' - retrying using FixedBackOff{interval=5000, currentAttempts=1094, maxAttempts=unlimited}. Cause: Could not connect to broker URL: tcp://localhost:61616. Reason: java.net.ConnectException: Connection refused
16:01:15.692 [org.springframework.jms.JmsListenerEndpointContainer#0-1] ERROR o.s.j.l.DefaultMessageListenerContainer - Could not refresh JMS Connection for destination 'activemq.queue' - retrying using FixedBackOff{interval=5000, currentAttempts=1095, maxAttempts=unlimited}. Cause: Could not connect to broker URL: tcp://localhost:61616. Reason: java.net.ConnectException: Connection refused
16:01:20.696 [org.springframework.jms.JmsListenerEndpointContainer#0-1] ERROR o.s.j.l.DefaultMessageListenerContainer - Could not refresh JMS Connection for destination 'activemq.queue' - retrying using FixedBackOff{interval=5000, currentAttempts=1096, maxAttempts=unlimited}. Cause: Could not connect to broker URL: tcp://localhost:61616. Reason: java.net.ConnectException: Connection refused
16:01:25.710 [org.springframework.jms.JmsListenerEndpointContainer#0-1] ERROR o.s.j.l.DefaultMessageListenerContainer - Could not refresh JMS Connection for destination 'activemq.queue' - retrying using FixedBackOff{interval=5000, currentAttempts=1097, maxAttempts=unlimited}. Cause: Could not connect to broker URL: tcp://localhost:61616. Reason: java.net.ConnectException: Connection refused
16:01:30.715 [org.springframework.jms.JmsListenerEndpointContainer#0-1] ERROR o.s.j.l.DefaultMessageListenerContainer - Could not refresh JMS Connection for destination 'activemq.queue' - retrying using FixedBackOff{interval=5000, currentAttempts=1098, maxAttempts=unlimited}. Cause: Could not connect to broker URL: tcp://localhost:61616. Reason: java.net.ConnectException: Connection refused
16:01:35.721 [org.springframework.jms.JmsListenerEndpointContainer#0-1] ERROR o.s.j.l.DefaultMessageListenerContainer - Could not refresh JMS Connection for destination 'activemq.queue' - retrying using FixedBackOff{interval=5000, currentAttempts=1099, maxAttempts=unlimited}. Cause: Could not connect to broker URL: tcp://localhost:61616. Reason: java.net.ConnectException: Connection refused
16:01:40.726 [org.springframework.jms.JmsListenerEndpointContainer#0-1] ERROR o.s.j.l.DefaultMessageListenerContainer - Could not refresh JMS Connection for destination 'activemq.queue' - retrying using FixedBackOff{interval=5000, currentAttempts=1100, maxAttempts=unlimited}. Cause: Could not connect to broker URL: tcp://localhost:61616. Reason: java.net.ConnectException: Connection refused
16:01:45.735 [org.springframework.jms.JmsListenerEndpointContainer#0-1] ERROR o.s.j.l.DefaultMessageListenerContainer - Could not refresh JMS Connection for destination 'activemq.queue' - retrying using FixedBackOff{interval=5000, currentAttempts=1101, maxAttempts=unlimited}. Cause: Could not connect to broker URL: tcp://localhost:61616. Reason: java.net.ConnectException: Connection refused
16:01:50.742 [org.springframework.jms.JmsListenerEndpointContainer#0-1] ERROR o.s.j.l.DefaultMessageListenerContainer - Could not refresh JMS Connection for destination 'activemq.queue' - retrying using FixedBackOff{interval=5000, currentAttempts=1102, maxAttempts=unlimited}. Cause: Could not connect to broker URL: tcp://localhost:61616. Reason: java.net.ConnectException: Connection refused
16:01:55.751 [org.springframework.jms.JmsListenerEndpointContainer#0-1] ERROR o.s.j.l.DefaultMessageListenerContainer - Could not refresh JMS Connection for destination 'activemq.queue' - retrying using FixedBackOff{interval=5000, currentAttempts=1103, maxAttempts=unlimited}. Cause: Could not connect to broker URL: tcp://localhost:61616. Reason: java.net.ConnectException: Connection refused
16:02:00.759 [org.springframework.jms.JmsListenerEndpointContainer#0-1] ERROR o.s.j.l.DefaultMessageListenerContainer - Could not refresh JMS Connection for destination 'activemq.queue' - retrying using FixedBackOff{interval=5000, currentAttempts=1104, maxAttempts=unlimited}. Cause: Could not connect to broker URL: tcp://localhost:61616. Reason: java.net.ConnectException: Connection refused
16:02:05.764 [org.springframework.jms.JmsListenerEndpointContainer#0-1] ERROR o.s.j.l.DefaultMessageListenerContainer - Could not refresh JMS Connection for destination 'activemq.queue' - retrying using FixedBackOff{interval=5000, currentAttempts=1105, maxAttempts=unlimited}. Cause: Could not connect to broker URL: tcp://localhost:61616. Reason: java.net.ConnectException: Connection refused
16:02:10.772 [org.springframework.jms.JmsListenerEndpointContainer#0-1] ERROR o.s.j.l.DefaultMessageListenerContainer - Could not refresh JMS Connection for destination 'activemq.queue' - retrying using FixedBackOff{interval=5000, currentAttempts=1106, maxAttempts=unlimited}. Cause: Could not connect to broker URL: tcp://localhost:61616. Reason: java.net.ConnectException: Connection refused
16:02:13.384 [Apollo-RemoteConfigLongPollService-1] WARN  c.c.f.a.i.RemoteConfigLongPollService - Long polling failed, will retry in 120 seconds. appId: platform, cluster: default, namespaces: application+message+sensitive-config, long polling url: null, reason: Get config services failed from http://meta.apollo.xxx.cn/services/config?appId=platform&ip=10.224.0.20 [Cause: Could not complete get operation [Cause: meta.apollo.xxx.cn]]
16:02:15.779 [org.springframework.jms.JmsListenerEndpointContainer#0-1] ERROR o.s.j.l.DefaultMessageListenerContainer - Could not refresh JMS Connection for destination 'activemq.queue' - retrying using FixedBackOff{interval=5000, currentAttempts=1107, maxAttempts=unlimited}. Cause: Could not connect to broker URL: tcp://localhost:61616. Reason: java.net.ConnectException: Connection refused
16:02:20.786 [org.springframework.jms.JmsListenerEndpointContainer#0-1] ERROR o.s.j.l.DefaultMessageListenerContainer - Could not refresh JMS Connection for destination 'activemq.queue' - retrying using FixedBackOff{interval=5000, currentAttempts=1108, maxAttempts=unlimited}. Cause: Could not connect to broker URL: tcp://localhost:61616. Reason: java.net.ConnectException: Connection refused
16:02:25.790 [org.springframework.jms.JmsListenerEndpointContainer#0-1] ERROR o.s.j.l.DefaultMessageListenerContainer - Could not refresh JMS Connection for destination 'activemq.queue' - retrying using FixedBackOff{interval=5000, currentAttempts=1109, maxAttempts=unlimited}. Cause: Could not connect to broker URL: tcp://localhost:61616. Reason: java.net.ConnectException: Connection refused
16:02:30.796 [org.springframework.jms.JmsListenerEndpointContainer#0-1] ERROR o.s.j.l.DefaultMessageListenerContainer - Could not refresh JMS Connection for destination 'activemq.queue' - retrying using FixedBackOff{interval=5000, currentAttempts=1110, maxAttempts=unlimited}. Cause: Could not connect to broker URL: tcp://localhost:61616. Reason: java.net.ConnectException: Connection refused
16:02:35.801 [org.springframework.jms.JmsListenerEndpointContainer#0-1] ERROR o.s.j.l.DefaultMessageListenerContainer - Could not refresh JMS Connection for destination 'activemq.queue' - retrying using FixedBackOff{interval=5000, currentAttempts=1111, maxAttempts=unlimited}. Cause: Could not connect to broker URL: tcp://localhost:61616. Reason: java.net.ConnectException: Connection refused
16:02:40.808 [org.springframework.jms.JmsListenerEndpointContainer#0-1] ERROR o.s.j.l.DefaultMessageListenerContainer - Could not refresh JMS Connection for destination 'activemq.queue' - retrying using FixedBackOff{interval=5000, currentAttempts=1112, maxAttempts=unlimited}. Cause: Could not connect to broker URL: tcp://localhost:61616. Reason: java.net.ConnectException: Connection refused
16:02:43.136 [Apollo-RemoteConfigRepository-1] WARN  c.c.f.a.i.AbstractConfigRepository - Sync config failed, will retry. Repository class com.ctrip.framework.apollo.internals.RemoteConfigRepository, reason: Get config services failed from http://meta.apollo.xxx.cn/services/config?appId=platform&ip=10.224.0.20 [Cause: Could not complete get operation [Cause: meta.apollo.xxx.cn]]
16:02:45.815 [org.springframework.jms.JmsListenerEndpointContainer#0-1] ERROR o.s.j.l.DefaultMessageListenerContainer - Could not refresh JMS Connection for destination 'activemq.queue' - retrying using FixedBackOff{interval=5000, currentAttempts=1113, maxAttempts=unlimited}. Cause: Could not connect to broker URL: tcp://localhost:61616. Reason: java.net.ConnectException: Connection refused
16:02:50.821 [org.springframework.jms.JmsListenerEndpointContainer#0-1] ERROR o.s.j.l.DefaultMessageListenerContainer - Could not refresh JMS Connection for destination 'activemq.queue' - retrying using FixedBackOff{interval=5000, currentAttempts=1114, maxAttempts=unlimited}. Cause: Could not connect to broker URL: tcp://localhost:61616. Reason: java.net.ConnectException: Connection refused
16:02:53.214 [Apollo-RemoteConfigRepository-1] WARN  c.c.f.a.i.AbstractConfigRepository - Sync config failed, will retry. Repository class com.ctrip.framework.apollo.internals.RemoteConfigRepository, reason: Get config services failed from http://meta.apollo.xxx.cn/services/config?appId=platform&ip=10.224.0.20 [Cause: Could not complete get operation [Cause: meta.apollo.xxx.cn]]
16:02:55.828 [org.springframework.jms.JmsListenerEndpointContainer#0-1] ERROR o.s.j.l.DefaultMessageListenerContainer - Could not refresh JMS Connection for destination 'activemq.queue' - retrying using FixedBackOff{interval=5000, currentAttempts=1115, maxAttempts=unlimited}. Cause: Could not connect to broker URL: tcp://localhost:61616. Reason: java.net.ConnectException: Connection refused
16:02:59.852 [http-nio-8088-exec-71] INFO  c.c.l.MyServletRequestListener - session id为：null
16:02:59.852 [http-nio-8088-exec-69] INFO  c.c.l.MyServletRequestListener - session id为：null
16:02:59.854 [http-nio-8088-exec-71] INFO  c.c.l.MyServletRequestListener - request url为：http://127.0.0.1:8088/v1/getLatestImage
16:02:59.854 [http-nio-8088-exec-69] INFO  c.c.l.MyServletRequestListener - request url为：http://127.0.0.1:8088/v1/getLatestImage
16:02:59.869 [http-nio-8088-exec-69] INFO  c.c.c.Interceptor.MyInterceptor - ====拦截到了方法：getLatestImage，在该方法执行之前执行====
16:02:59.869 [http-nio-8088-exec-71] INFO  c.c.c.Interceptor.MyInterceptor - ====拦截到了方法：getLatestImage，在该方法执行之前执行====
16:02:59.888 [http-nio-8088-exec-71] INFO  c.c.c.Interceptor.MyInterceptor - 执行完方法之后进执行(Controller方法调用之后)，但是此时还没进行视图渲染
16:02:59.888 [http-nio-8088-exec-69] INFO  c.c.c.Interceptor.MyInterceptor - 执行完方法之后进执行(Controller方法调用之后)，但是此时还没进行视图渲染
16:02:59.888 [http-nio-8088-exec-71] INFO  c.c.c.Interceptor.MyInterceptor - 整个请求都处理完咯，DispatcherServlet也渲染了对应的视图咯，此时我可以做一些清理的工作了
16:02:59.888 [http-nio-8088-exec-69] INFO  c.c.c.Interceptor.MyInterceptor - 整个请求都处理完咯，DispatcherServlet也渲染了对应的视图咯，此时我可以做一些清理的工作了
16:02:59.890 [http-nio-8088-exec-69] INFO  c.c.l.MyServletRequestListener - request end
16:02:59.890 [http-nio-8088-exec-71] INFO  c.c.l.MyServletRequestListener - request end
16:02:59.890 [http-nio-8088-exec-69] INFO  c.c.l.MyServletRequestListener - request域中保存的name值为：测试自定义事件监听器
16:02:59.890 [http-nio-8088-exec-71] INFO  c.c.l.MyServletRequestListener - request域中保存的name值为：测试自定义事件监听器
16:02:59.924 [http-nio-8088-exec-75] INFO  c.c.l.MyServletRequestListener - session id为：2507D09BFCCB3FA28827AD521727A746
16:02:59.925 [http-nio-8088-exec-75] INFO  c.c.l.MyServletRequestListener - request url为：http://127.0.0.1:8088/v1/carousels/getAllCarousels
16:03:00.194 [http-nio-8088-exec-75] INFO  c.c.c.Interceptor.MyInterceptor - ====拦截到了方法：getAllCarousels，在该方法执行之前执行====
16:03:00.509 [http-nio-8088-exec-75] INFO  c.c.c.mobile.CarouselController - 获取所有轮播图信息: [Carousel(id=1, title=3, order=1, imageUrl=http://127.0.0.1:8088/v1/getLatestImage?fileName=admin12_20240906113623_88888888_20240701154410_1890x600-1.jpg, redirectUrl=https://example.com, isEnabled=true, createTime=2024-06-29 15:27:04, updateTime=2024-09-06 03:36:26, isDeleted=false), Carousel(id=5, title=1, order=2, imageUrl=http://127.0.0.1:8088/v1/getLatestImage?fileName=admin12_20240906113550_88888888_20240701154423_1890x600-2.jpg, redirectUrl=, isEnabled=false, createTime=2024-09-06 03:21:35, updateTime=2024-09-06 03:36:08, isDeleted=false), Carousel(id=2, title=2, order=3, imageUrl=http://127.0.0.1:8088/v1/getLatestImage?fileName=admin12_20240906113559_88888888_20240701154435_1890x600-3.jpg, redirectUrl=https://example.com, isEnabled=false, createTime=2024-09-05 13:08:31, updateTime=2024-09-06 03:36:32, isDeleted=false)]
16:03:00.553 [http-nio-8088-exec-75] INFO  c.c.c.Interceptor.MyInterceptor - 执行完方法之后进执行(Controller方法调用之后)，但是此时还没进行视图渲染
16:03:00.627 [http-nio-8088-exec-75] INFO  c.c.c.Interceptor.MyInterceptor - 整个请求都处理完咯，DispatcherServlet也渲染了对应的视图咯，此时我可以做一些清理的工作了
16:03:00.629 [http-nio-8088-exec-75] INFO  c.c.l.MyServletRequestListener - request end
16:03:00.631 [http-nio-8088-exec-75] INFO  c.c.l.MyServletRequestListener - request域中保存的name值为：测试自定义事件监听器
16:03:00.759 [http-nio-8088-exec-78] INFO  c.c.l.MyServletRequestListener - session id为：null
16:03:00.763 [http-nio-8088-exec-78] INFO  c.c.l.MyServletRequestListener - request url为：http://127.0.0.1:8088/v1/getLatestImage
16:03:00.764 [http-nio-8088-exec-72] INFO  c.c.l.MyServletRequestListener - session id为：null
16:03:00.765 [http-nio-8088-exec-72] INFO  c.c.l.MyServletRequestListener - request url为：http://127.0.0.1:8088/v1/getLatestImage
16:03:00.766 [http-nio-8088-exec-67] INFO  c.c.l.MyServletRequestListener - session id为：null
16:03:00.767 [http-nio-8088-exec-67] INFO  c.c.l.MyServletRequestListener - request url为：http://127.0.0.1:8088/v1/getLatestImage
16:03:00.767 [http-nio-8088-exec-78] INFO  c.c.c.Interceptor.MyInterceptor - ====拦截到了方法：getLatestImage，在该方法执行之前执行====
16:03:00.768 [http-nio-8088-exec-72] INFO  c.c.c.Interceptor.MyInterceptor - ====拦截到了方法：getLatestImage，在该方法执行之前执行====
16:03:00.770 [http-nio-8088-exec-67] INFO  c.c.c.Interceptor.MyInterceptor - ====拦截到了方法：getLatestImage，在该方法执行之前执行====
16:03:00.797 [http-nio-8088-exec-72] INFO  c.c.c.Interceptor.MyInterceptor - 执行完方法之后进执行(Controller方法调用之后)，但是此时还没进行视图渲染
16:03:00.797 [http-nio-8088-exec-72] INFO  c.c.c.Interceptor.MyInterceptor - 整个请求都处理完咯，DispatcherServlet也渲染了对应的视图咯，此时我可以做一些清理的工作了
16:03:00.797 [http-nio-8088-exec-72] INFO  c.c.l.MyServletRequestListener - request end
16:03:00.797 [http-nio-8088-exec-72] INFO  c.c.l.MyServletRequestListener - request域中保存的name值为：测试自定义事件监听器
16:03:00.805 [http-nio-8088-exec-78] INFO  c.c.c.Interceptor.MyInterceptor - 执行完方法之后进执行(Controller方法调用之后)，但是此时还没进行视图渲染
16:03:00.806 [http-nio-8088-exec-78] INFO  c.c.c.Interceptor.MyInterceptor - 整个请求都处理完咯，DispatcherServlet也渲染了对应的视图咯，此时我可以做一些清理的工作了
16:03:00.823 [http-nio-8088-exec-78] INFO  c.c.l.MyServletRequestListener - request end
16:03:00.823 [http-nio-8088-exec-78] INFO  c.c.l.MyServletRequestListener - request域中保存的name值为：测试自定义事件监听器
16:03:00.824 [http-nio-8088-exec-78] INFO  c.c.l.MyServletRequestListener - session id为：null
16:03:00.824 [http-nio-8088-exec-78] INFO  c.c.l.MyServletRequestListener - request url为：http://127.0.0.1:8088/v1/getLatestImage
16:03:00.845 [http-nio-8088-exec-74] INFO  c.c.l.MyServletRequestListener - session id为：null
16:03:00.850 [http-nio-8088-exec-74] INFO  c.c.l.MyServletRequestListener - request url为：http://127.0.0.1:8088/v1/getLatestImage
16:03:00.851 [org.springframework.jms.JmsListenerEndpointContainer#0-1] ERROR o.s.j.l.DefaultMessageListenerContainer - Could not refresh JMS Connection for destination 'activemq.queue' - retrying using FixedBackOff{interval=5000, currentAttempts=1116, maxAttempts=unlimited}. Cause: Could not connect to broker URL: tcp://localhost:61616. Reason: java.net.ConnectException: Connection refused
16:03:00.832 [http-nio-8088-exec-67] INFO  c.c.c.Interceptor.MyInterceptor - 执行完方法之后进执行(Controller方法调用之后)，但是此时还没进行视图渲染
16:03:00.851 [http-nio-8088-exec-67] INFO  c.c.c.Interceptor.MyInterceptor - 整个请求都处理完咯，DispatcherServlet也渲染了对应的视图咯，此时我可以做一些清理的工作了
16:03:00.852 [http-nio-8088-exec-67] INFO  c.c.l.MyServletRequestListener - request end
16:03:00.852 [http-nio-8088-exec-67] INFO  c.c.l.MyServletRequestListener - request域中保存的name值为：测试自定义事件监听器
16:03:00.852 [http-nio-8088-exec-67] INFO  c.c.l.MyServletRequestListener - session id为：null
16:03:00.852 [http-nio-8088-exec-67] INFO  c.c.l.MyServletRequestListener - request url为：http://127.0.0.1:8088/v1/getLatestImage
16:03:00.852 [http-nio-8088-exec-78] INFO  c.c.c.Interceptor.MyInterceptor - ====拦截到了方法：getLatestImage，在该方法执行之前执行====
16:03:00.854 [http-nio-8088-exec-74] INFO  c.c.c.Interceptor.MyInterceptor - ====拦截到了方法：getLatestImage，在该方法执行之前执行====
16:03:00.854 [http-nio-8088-exec-67] INFO  c.c.c.Interceptor.MyInterceptor - ====拦截到了方法：getLatestImage，在该方法执行之前执行====
16:03:00.869 [http-nio-8088-exec-74] INFO  c.c.c.Interceptor.MyInterceptor - 执行完方法之后进执行(Controller方法调用之后)，但是此时还没进行视图渲染
16:03:00.869 [http-nio-8088-exec-74] INFO  c.c.c.Interceptor.MyInterceptor - 整个请求都处理完咯，DispatcherServlet也渲染了对应的视图咯，此时我可以做一些清理的工作了
16:03:00.869 [http-nio-8088-exec-74] INFO  c.c.l.MyServletRequestListener - request end
16:03:00.869 [http-nio-8088-exec-74] INFO  c.c.l.MyServletRequestListener - request域中保存的name值为：测试自定义事件监听器
16:03:00.867 [http-nio-8088-exec-67] INFO  c.c.c.Interceptor.MyInterceptor - 执行完方法之后进执行(Controller方法调用之后)，但是此时还没进行视图渲染
16:03:00.872 [http-nio-8088-exec-67] INFO  c.c.c.Interceptor.MyInterceptor - 整个请求都处理完咯，DispatcherServlet也渲染了对应的视图咯，此时我可以做一些清理的工作了
16:03:00.872 [http-nio-8088-exec-67] INFO  c.c.l.MyServletRequestListener - request end
16:03:00.872 [http-nio-8088-exec-67] INFO  c.c.l.MyServletRequestListener - request域中保存的name值为：测试自定义事件监听器
16:03:00.878 [http-nio-8088-exec-78] INFO  c.c.c.Interceptor.MyInterceptor - 执行完方法之后进执行(Controller方法调用之后)，但是此时还没进行视图渲染
16:03:00.879 [http-nio-8088-exec-78] INFO  c.c.c.Interceptor.MyInterceptor - 整个请求都处理完咯，DispatcherServlet也渲染了对应的视图咯，此时我可以做一些清理的工作了
16:03:00.885 [http-nio-8088-exec-78] INFO  c.c.l.MyServletRequestListener - request end
16:03:00.885 [http-nio-8088-exec-78] INFO  c.c.l.MyServletRequestListener - request域中保存的name值为：测试自定义事件监听器
16:03:03.269 [Apollo-RemoteConfigRepository-1] WARN  c.c.f.a.i.AbstractConfigRepository - Sync config failed, will retry. Repository class com.ctrip.framework.apollo.internals.RemoteConfigRepository, reason: Get config services failed from http://meta.apollo.xxx.cn/services/config?appId=platform&ip=10.224.0.20 [Cause: Could not complete get operation [Cause: meta.apollo.xxx.cn]]
16:03:05.858 [org.springframework.jms.JmsListenerEndpointContainer#0-1] ERROR o.s.j.l.DefaultMessageListenerContainer - Could not refresh JMS Connection for destination 'activemq.queue' - retrying using FixedBackOff{interval=5000, currentAttempts=1117, maxAttempts=unlimited}. Cause: Could not connect to broker URL: tcp://localhost:61616. Reason: java.net.ConnectException: Connection refused
16:03:10.864 [org.springframework.jms.JmsListenerEndpointContainer#0-1] ERROR o.s.j.l.DefaultMessageListenerContainer - Could not refresh JMS Connection for destination 'activemq.queue' - retrying using FixedBackOff{interval=5000, currentAttempts=1118, maxAttempts=unlimited}. Cause: Could not connect to broker URL: tcp://localhost:61616. Reason: java.net.ConnectException: Connection refused
16:03:15.871 [org.springframework.jms.JmsListenerEndpointContainer#0-1] ERROR o.s.j.l.DefaultMessageListenerContainer - Could not refresh JMS Connection for destination 'activemq.queue' - retrying using FixedBackOff{interval=5000, currentAttempts=1119, maxAttempts=unlimited}. Cause: Could not connect to broker URL: tcp://localhost:61616. Reason: java.net.ConnectException: Connection refused
16:03:20.879 [org.springframework.jms.JmsListenerEndpointContainer#0-1] ERROR o.s.j.l.DefaultMessageListenerContainer - Could not refresh JMS Connection for destination 'activemq.queue' - retrying using FixedBackOff{interval=5000, currentAttempts=1120, maxAttempts=unlimited}. Cause: Could not connect to broker URL: tcp://localhost:61616. Reason: java.net.ConnectException: Connection refused
16:03:25.884 [org.springframework.jms.JmsListenerEndpointContainer#0-1] ERROR o.s.j.l.DefaultMessageListenerContainer - Could not refresh JMS Connection for destination 'activemq.queue' - retrying using FixedBackOff{interval=5000, currentAttempts=1121, maxAttempts=unlimited}. Cause: Could not connect to broker URL: tcp://localhost:61616. Reason: java.net.ConnectException: Connection refused
16:03:30.897 [org.springframework.jms.JmsListenerEndpointContainer#0-1] ERROR o.s.j.l.DefaultMessageListenerContainer - Could not refresh JMS Connection for destination 'activemq.queue' - retrying using FixedBackOff{interval=5000, currentAttempts=1122, maxAttempts=unlimited}. Cause: Could not connect to broker URL: tcp://localhost:61616. Reason: java.net.ConnectException: Connection refused
16:03:35.903 [org.springframework.jms.JmsListenerEndpointContainer#0-1] ERROR o.s.j.l.DefaultMessageListenerContainer - Could not refresh JMS Connection for destination 'activemq.queue' - retrying using FixedBackOff{interval=5000, currentAttempts=1123, maxAttempts=unlimited}. Cause: Could not connect to broker URL: tcp://localhost:61616. Reason: java.net.ConnectException: Connection refused
16:03:40.908 [org.springframework.jms.JmsListenerEndpointContainer#0-1] ERROR o.s.j.l.DefaultMessageListenerContainer - Could not refresh JMS Connection for destination 'activemq.queue' - retrying using FixedBackOff{interval=5000, currentAttempts=1124, maxAttempts=unlimited}. Cause: Could not connect to broker URL: tcp://localhost:61616. Reason: java.net.ConnectException: Connection refused
16:03:45.915 [org.springframework.jms.JmsListenerEndpointContainer#0-1] ERROR o.s.j.l.DefaultMessageListenerContainer - Could not refresh JMS Connection for destination 'activemq.queue' - retrying using FixedBackOff{interval=5000, currentAttempts=1125, maxAttempts=unlimited}. Cause: Could not connect to broker URL: tcp://localhost:61616. Reason: java.net.ConnectException: Connection refused
16:03:50.921 [org.springframework.jms.JmsListenerEndpointContainer#0-1] ERROR o.s.j.l.DefaultMessageListenerContainer - Could not refresh JMS Connection for destination 'activemq.queue' - retrying using FixedBackOff{interval=5000, currentAttempts=1126, maxAttempts=unlimited}. Cause: Could not connect to broker URL: tcp://localhost:61616. Reason: java.net.ConnectException: Connection refused
16:03:55.926 [org.springframework.jms.JmsListenerEndpointContainer#0-1] ERROR o.s.j.l.DefaultMessageListenerContainer - Could not refresh JMS Connection for destination 'activemq.queue' - retrying using FixedBackOff{interval=5000, currentAttempts=1127, maxAttempts=unlimited}. Cause: Could not connect to broker URL: tcp://localhost:61616. Reason: java.net.ConnectException: Connection refused
16:04:00.932 [org.springframework.jms.JmsListenerEndpointContainer#0-1] ERROR o.s.j.l.DefaultMessageListenerContainer - Could not refresh JMS Connection for destination 'activemq.queue' - retrying using FixedBackOff{interval=5000, currentAttempts=1128, maxAttempts=unlimited}. Cause: Could not connect to broker URL: tcp://localhost:61616. Reason: java.net.ConnectException: Connection refused
16:04:05.938 [org.springframework.jms.JmsListenerEndpointContainer#0-1] ERROR o.s.j.l.DefaultMessageListenerContainer - Could not refresh JMS Connection for destination 'activemq.queue' - retrying using FixedBackOff{interval=5000, currentAttempts=1129, maxAttempts=unlimited}. Cause: Could not connect to broker URL: tcp://localhost:61616. Reason: java.net.ConnectException: Connection refused
16:04:10.944 [org.springframework.jms.JmsListenerEndpointContainer#0-1] ERROR o.s.j.l.DefaultMessageListenerContainer - Could not refresh JMS Connection for destination 'activemq.queue' - retrying using FixedBackOff{interval=5000, currentAttempts=1130, maxAttempts=unlimited}. Cause: Could not connect to broker URL: tcp://localhost:61616. Reason: java.net.ConnectException: Connection refused
16:04:15.455 [Apollo-RemoteConfigLongPollService-1] WARN  c.c.f.a.i.RemoteConfigLongPollService - Long polling failed, will retry in 120 seconds. appId: platform, cluster: default, namespaces: application+message+sensitive-config, long polling url: null, reason: Get config services failed from http://meta.apollo.xxx.cn/services/config?appId=platform&ip=10.224.0.20 [Cause: Could not complete get operation [Cause: meta.apollo.xxx.cn]]
16:04:15.952 [org.springframework.jms.JmsListenerEndpointContainer#0-1] ERROR o.s.j.l.DefaultMessageListenerContainer - Could not refresh JMS Connection for destination 'activemq.queue' - retrying using FixedBackOff{interval=5000, currentAttempts=1131, maxAttempts=unlimited}. Cause: Could not connect to broker URL: tcp://localhost:61616. Reason: java.net.ConnectException: Connection refused
16:04:20.959 [org.springframework.jms.JmsListenerEndpointContainer#0-1] ERROR o.s.j.l.DefaultMessageListenerContainer - Could not refresh JMS Connection for destination 'activemq.queue' - retrying using FixedBackOff{interval=5000, currentAttempts=1132, maxAttempts=unlimited}. Cause: Could not connect to broker URL: tcp://localhost:61616. Reason: java.net.ConnectException: Connection refused
16:04:25.964 [org.springframework.jms.JmsListenerEndpointContainer#0-1] ERROR o.s.j.l.DefaultMessageListenerContainer - Could not refresh JMS Connection for destination 'activemq.queue' - retrying using FixedBackOff{interval=5000, currentAttempts=1133, maxAttempts=unlimited}. Cause: Could not connect to broker URL: tcp://localhost:61616. Reason: java.net.ConnectException: Connection refused
16:04:30.971 [org.springframework.jms.JmsListenerEndpointContainer#0-1] ERROR o.s.j.l.DefaultMessageListenerContainer - Could not refresh JMS Connection for destination 'activemq.queue' - retrying using FixedBackOff{interval=5000, currentAttempts=1134, maxAttempts=unlimited}. Cause: Could not connect to broker URL: tcp://localhost:61616. Reason: java.net.ConnectException: Connection refused
16:04:35.978 [org.springframework.jms.JmsListenerEndpointContainer#0-1] ERROR o.s.j.l.DefaultMessageListenerContainer - Could not refresh JMS Connection for destination 'activemq.queue' - retrying using FixedBackOff{interval=5000, currentAttempts=1135, maxAttempts=unlimited}. Cause: Could not connect to broker URL: tcp://localhost:61616. Reason: java.net.ConnectException: Connection refused
16:04:40.985 [org.springframework.jms.JmsListenerEndpointContainer#0-1] ERROR o.s.j.l.DefaultMessageListenerContainer - Could not refresh JMS Connection for destination 'activemq.queue' - retrying using FixedBackOff{interval=5000, currentAttempts=1136, maxAttempts=unlimited}. Cause: Could not connect to broker URL: tcp://localhost:61616. Reason: java.net.ConnectException: Connection refused
16:04:45.992 [org.springframework.jms.JmsListenerEndpointContainer#0-1] ERROR o.s.j.l.DefaultMessageListenerContainer - Could not refresh JMS Connection for destination 'activemq.queue' - retrying using FixedBackOff{interval=5000, currentAttempts=1137, maxAttempts=unlimited}. Cause: Could not connect to broker URL: tcp://localhost:61616. Reason: java.net.ConnectException: Connection refused
16:04:50.998 [org.springframework.jms.JmsListenerEndpointContainer#0-1] ERROR o.s.j.l.DefaultMessageListenerContainer - Could not refresh JMS Connection for destination 'activemq.queue' - retrying using FixedBackOff{interval=5000, currentAttempts=1138, maxAttempts=unlimited}. Cause: Could not connect to broker URL: tcp://localhost:61616. Reason: java.net.ConnectException: Connection refused
16:04:56.004 [org.springframework.jms.JmsListenerEndpointContainer#0-1] ERROR o.s.j.l.DefaultMessageListenerContainer - Could not refresh JMS Connection for destination 'activemq.queue' - retrying using FixedBackOff{interval=5000, currentAttempts=1139, maxAttempts=unlimited}. Cause: Could not connect to broker URL: tcp://localhost:61616. Reason: java.net.ConnectException: Connection refused
16:05:01.009 [org.springframework.jms.JmsListenerEndpointContainer#0-1] ERROR o.s.j.l.DefaultMessageListenerContainer - Could not refresh JMS Connection for destination 'activemq.queue' - retrying using FixedBackOff{interval=5000, currentAttempts=1140, maxAttempts=unlimited}. Cause: Could not connect to broker URL: tcp://localhost:61616. Reason: java.net.ConnectException: Connection refused
16:05:06.016 [org.springframework.jms.JmsListenerEndpointContainer#0-1] ERROR o.s.j.l.DefaultMessageListenerContainer - Could not refresh JMS Connection for destination 'activemq.queue' - retrying using FixedBackOff{interval=5000, currentAttempts=1141, maxAttempts=unlimited}. Cause: Could not connect to broker URL: tcp://localhost:61616. Reason: java.net.ConnectException: Connection refused
16:05:11.023 [org.springframework.jms.JmsListenerEndpointContainer#0-1] ERROR o.s.j.l.DefaultMessageListenerContainer - Could not refresh JMS Connection for destination 'activemq.queue' - retrying using FixedBackOff{interval=5000, currentAttempts=1142, maxAttempts=unlimited}. Cause: Could not connect to broker URL: tcp://localhost:61616. Reason: java.net.ConnectException: Connection refused
16:05:16.030 [org.springframework.jms.JmsListenerEndpointContainer#0-1] ERROR o.s.j.l.DefaultMessageListenerContainer - Could not refresh JMS Connection for destination 'activemq.queue' - retrying using FixedBackOff{interval=5000, currentAttempts=1143, maxAttempts=unlimited}. Cause: Could not connect to broker URL: tcp://localhost:61616. Reason: java.net.ConnectException: Connection refused
16:05:21.034 [org.springframework.jms.JmsListenerEndpointContainer#0-1] ERROR o.s.j.l.DefaultMessageListenerContainer - Could not refresh JMS Connection for destination 'activemq.queue' - retrying using FixedBackOff{interval=5000, currentAttempts=1144, maxAttempts=unlimited}. Cause: Could not connect to broker URL: tcp://localhost:61616. Reason: java.net.ConnectException: Connection refused
16:05:26.047 [org.springframework.jms.JmsListenerEndpointContainer#0-1] ERROR o.s.j.l.DefaultMessageListenerContainer - Could not refresh JMS Connection for destination 'activemq.queue' - retrying using FixedBackOff{interval=5000, currentAttempts=1145, maxAttempts=unlimited}. Cause: Could not connect to broker URL: tcp://localhost:61616. Reason: java.net.ConnectException: Connection refused
16:05:31.056 [org.springframework.jms.JmsListenerEndpointContainer#0-1] ERROR o.s.j.l.DefaultMessageListenerContainer - Could not refresh JMS Connection for destination 'activemq.queue' - retrying using FixedBackOff{interval=5000, currentAttempts=1146, maxAttempts=unlimited}. Cause: Could not connect to broker URL: tcp://localhost:61616. Reason: java.net.ConnectException: Connection refused
16:05:36.062 [org.springframework.jms.JmsListenerEndpointContainer#0-1] ERROR o.s.j.l.DefaultMessageListenerContainer - Could not refresh JMS Connection for destination 'activemq.queue' - retrying using FixedBackOff{interval=5000, currentAttempts=1147, maxAttempts=unlimited}. Cause: Could not connect to broker URL: tcp://localhost:61616. Reason: java.net.ConnectException: Connection refused
16:05:41.068 [org.springframework.jms.JmsListenerEndpointContainer#0-1] ERROR o.s.j.l.DefaultMessageListenerContainer - Could not refresh JMS Connection for destination 'activemq.queue' - retrying using FixedBackOff{interval=5000, currentAttempts=1148, maxAttempts=unlimited}. Cause: Could not connect to broker URL: tcp://localhost:61616. Reason: java.net.ConnectException: Connection refused
16:05:46.075 [org.springframework.jms.JmsListenerEndpointContainer#0-1] ERROR o.s.j.l.DefaultMessageListenerContainer - Could not refresh JMS Connection for destination 'activemq.queue' - retrying using FixedBackOff{interval=5000, currentAttempts=1149, maxAttempts=unlimited}. Cause: Could not connect to broker URL: tcp://localhost:61616. Reason: java.net.ConnectException: Connection refused
16:05:51.083 [org.springframework.jms.JmsListenerEndpointContainer#0-1] ERROR o.s.j.l.DefaultMessageListenerContainer - Could not refresh JMS Connection for destination 'activemq.queue' - retrying using FixedBackOff{interval=5000, currentAttempts=1150, maxAttempts=unlimited}. Cause: Could not connect to broker URL: tcp://localhost:61616. Reason: java.net.ConnectException: Connection refused
16:05:56.092 [org.springframework.jms.JmsListenerEndpointContainer#0-1] ERROR o.s.j.l.DefaultMessageListenerContainer - Could not refresh JMS Connection for destination 'activemq.queue' - retrying using FixedBackOff{interval=5000, currentAttempts=1151, maxAttempts=unlimited}. Cause: Could not connect to broker URL: tcp://localhost:61616. Reason: java.net.ConnectException: Connection refused
16:06:01.098 [org.springframework.jms.JmsListenerEndpointContainer#0-1] ERROR o.s.j.l.DefaultMessageListenerContainer - Could not refresh JMS Connection for destination 'activemq.queue' - retrying using FixedBackOff{interval=5000, currentAttempts=1152, maxAttempts=unlimited}. Cause: Could not connect to broker URL: tcp://localhost:61616. Reason: java.net.ConnectException: Connection refused
16:06:06.104 [org.springframework.jms.JmsListenerEndpointContainer#0-1] ERROR o.s.j.l.DefaultMessageListenerContainer - Could not refresh JMS Connection for destination 'activemq.queue' - retrying using FixedBackOff{interval=5000, currentAttempts=1153, maxAttempts=unlimited}. Cause: Could not connect to broker URL: tcp://localhost:61616. Reason: java.net.ConnectException: Connection refused
16:06:11.109 [org.springframework.jms.JmsListenerEndpointContainer#0-1] ERROR o.s.j.l.DefaultMessageListenerContainer - Could not refresh JMS Connection for destination 'activemq.queue' - retrying using FixedBackOff{interval=5000, currentAttempts=1154, maxAttempts=unlimited}. Cause: Could not connect to broker URL: tcp://localhost:61616. Reason: java.net.ConnectException: Connection refused
16:06:16.117 [org.springframework.jms.JmsListenerEndpointContainer#0-1] ERROR o.s.j.l.DefaultMessageListenerContainer - Could not refresh JMS Connection for destination 'activemq.queue' - retrying using FixedBackOff{interval=5000, currentAttempts=1155, maxAttempts=unlimited}. Cause: Could not connect to broker URL: tcp://localhost:61616. Reason: java.net.ConnectException: Connection refused
16:06:17.502 [Apollo-RemoteConfigLongPollService-1] WARN  c.c.f.a.i.RemoteConfigLongPollService - Long polling failed, will retry in 120 seconds. appId: platform, cluster: default, namespaces: application+message+sensitive-config, long polling url: null, reason: Get config services failed from http://meta.apollo.xxx.cn/services/config?appId=platform&ip=10.224.0.20 [Cause: Could not complete get operation [Cause: meta.apollo.xxx.cn]]
16:06:21.122 [org.springframework.jms.JmsListenerEndpointContainer#0-1] ERROR o.s.j.l.DefaultMessageListenerContainer - Could not refresh JMS Connection for destination 'activemq.queue' - retrying using FixedBackOff{interval=5000, currentAttempts=1156, maxAttempts=unlimited}. Cause: Could not connect to broker URL: tcp://localhost:61616. Reason: java.net.ConnectException: Connection refused
16:06:26.128 [org.springframework.jms.JmsListenerEndpointContainer#0-1] ERROR o.s.j.l.DefaultMessageListenerContainer - Could not refresh JMS Connection for destination 'activemq.queue' - retrying using FixedBackOff{interval=5000, currentAttempts=1157, maxAttempts=unlimited}. Cause: Could not connect to broker URL: tcp://localhost:61616. Reason: java.net.ConnectException: Connection refused
16:06:31.133 [org.springframework.jms.JmsListenerEndpointContainer#0-1] ERROR o.s.j.l.DefaultMessageListenerContainer - Could not refresh JMS Connection for destination 'activemq.queue' - retrying using FixedBackOff{interval=5000, currentAttempts=1158, maxAttempts=unlimited}. Cause: Could not connect to broker URL: tcp://localhost:61616. Reason: java.net.ConnectException: Connection refused
16:06:36.140 [org.springframework.jms.JmsListenerEndpointContainer#0-1] ERROR o.s.j.l.DefaultMessageListenerContainer - Could not refresh JMS Connection for destination 'activemq.queue' - retrying using FixedBackOff{interval=5000, currentAttempts=1159, maxAttempts=unlimited}. Cause: Could not connect to broker URL: tcp://localhost:61616. Reason: java.net.ConnectException: Connection refused
16:06:41.145 [org.springframework.jms.JmsListenerEndpointContainer#0-1] ERROR o.s.j.l.DefaultMessageListenerContainer - Could not refresh JMS Connection for destination 'activemq.queue' - retrying using FixedBackOff{interval=5000, currentAttempts=1160, maxAttempts=unlimited}. Cause: Could not connect to broker URL: tcp://localhost:61616. Reason: java.net.ConnectException: Connection refused
16:06:46.151 [org.springframework.jms.JmsListenerEndpointContainer#0-1] ERROR o.s.j.l.DefaultMessageListenerContainer - Could not refresh JMS Connection for destination 'activemq.queue' - retrying using FixedBackOff{interval=5000, currentAttempts=1161, maxAttempts=unlimited}. Cause: Could not connect to broker URL: tcp://localhost:61616. Reason: java.net.ConnectException: Connection refused
16:06:51.155 [org.springframework.jms.JmsListenerEndpointContainer#0-1] ERROR o.s.j.l.DefaultMessageListenerContainer - Could not refresh JMS Connection for destination 'activemq.queue' - retrying using FixedBackOff{interval=5000, currentAttempts=1162, maxAttempts=unlimited}. Cause: Could not connect to broker URL: tcp://localhost:61616. Reason: java.net.ConnectException: Connection refused
16:06:56.162 [org.springframework.jms.JmsListenerEndpointContainer#0-1] ERROR o.s.j.l.DefaultMessageListenerContainer - Could not refresh JMS Connection for destination 'activemq.queue' - retrying using FixedBackOff{interval=5000, currentAttempts=1163, maxAttempts=unlimited}. Cause: Could not connect to broker URL: tcp://localhost:61616. Reason: java.net.ConnectException: Connection refused
16:07:01.168 [org.springframework.jms.JmsListenerEndpointContainer#0-1] ERROR o.s.j.l.DefaultMessageListenerContainer - Could not refresh JMS Connection for destination 'activemq.queue' - retrying using FixedBackOff{interval=5000, currentAttempts=1164, maxAttempts=unlimited}. Cause: Could not connect to broker URL: tcp://localhost:61616. Reason: java.net.ConnectException: Connection refused
16:07:06.172 [org.springframework.jms.JmsListenerEndpointContainer#0-1] ERROR o.s.j.l.DefaultMessageListenerContainer - Could not refresh JMS Connection for destination 'activemq.queue' - retrying using FixedBackOff{interval=5000, currentAttempts=1165, maxAttempts=unlimited}. Cause: Could not connect to broker URL: tcp://localhost:61616. Reason: java.net.ConnectException: Connection refused
16:07:11.178 [org.springframework.jms.JmsListenerEndpointContainer#0-1] ERROR o.s.j.l.DefaultMessageListenerContainer - Could not refresh JMS Connection for destination 'activemq.queue' - retrying using FixedBackOff{interval=5000, currentAttempts=1166, maxAttempts=unlimited}. Cause: Could not connect to broker URL: tcp://localhost:61616. Reason: java.net.ConnectException: Connection refused
16:07:16.187 [org.springframework.jms.JmsListenerEndpointContainer#0-1] ERROR o.s.j.l.DefaultMessageListenerContainer - Could not refresh JMS Connection for destination 'activemq.queue' - retrying using FixedBackOff{interval=5000, currentAttempts=1167, maxAttempts=unlimited}. Cause: Could not connect to broker URL: tcp://localhost:61616. Reason: java.net.ConnectException: Connection refused
16:07:21.193 [org.springframework.jms.JmsListenerEndpointContainer#0-1] ERROR o.s.j.l.DefaultMessageListenerContainer - Could not refresh JMS Connection for destination 'activemq.queue' - retrying using FixedBackOff{interval=5000, currentAttempts=1168, maxAttempts=unlimited}. Cause: Could not connect to broker URL: tcp://localhost:61616. Reason: java.net.ConnectException: Connection refused
16:07:26.198 [org.springframework.jms.JmsListenerEndpointContainer#0-1] ERROR o.s.j.l.DefaultMessageListenerContainer - Could not refresh JMS Connection for destination 'activemq.queue' - retrying using FixedBackOff{interval=5000, currentAttempts=1169, maxAttempts=unlimited}. Cause: Could not connect to broker URL: tcp://localhost:61616. Reason: java.net.ConnectException: Connection refused
16:07:31.204 [org.springframework.jms.JmsListenerEndpointContainer#0-1] ERROR o.s.j.l.DefaultMessageListenerContainer - Could not refresh JMS Connection for destination 'activemq.queue' - retrying using FixedBackOff{interval=5000, currentAttempts=1170, maxAttempts=unlimited}. Cause: Could not connect to broker URL: tcp://localhost:61616. Reason: java.net.ConnectException: Connection refused
16:07:36.220 [org.springframework.jms.JmsListenerEndpointContainer#0-1] ERROR o.s.j.l.DefaultMessageListenerContainer - Could not refresh JMS Connection for destination 'activemq.queue' - retrying using FixedBackOff{interval=5000, currentAttempts=1171, maxAttempts=unlimited}. Cause: Could not connect to broker URL: tcp://localhost:61616. Reason: java.net.ConnectException: Connection refused
16:07:41.225 [org.springframework.jms.JmsListenerEndpointContainer#0-1] ERROR o.s.j.l.DefaultMessageListenerContainer - Could not refresh JMS Connection for destination 'activemq.queue' - retrying using FixedBackOff{interval=5000, currentAttempts=1172, maxAttempts=unlimited}. Cause: Could not connect to broker URL: tcp://localhost:61616. Reason: java.net.ConnectException: Connection refused
16:07:43.733 [Apollo-RemoteConfigRepository-1] WARN  c.c.f.a.i.AbstractConfigRepository - Sync config failed, will retry. Repository class com.ctrip.framework.apollo.internals.RemoteConfigRepository, reason: Get config services failed from http://meta.apollo.xxx.cn/services/config?appId=platform&ip=10.224.0.20 [Cause: Could not complete get operation [Cause: meta.apollo.xxx.cn]]
16:07:46.231 [org.springframework.jms.JmsListenerEndpointContainer#0-1] ERROR o.s.j.l.DefaultMessageListenerContainer - Could not refresh JMS Connection for destination 'activemq.queue' - retrying using FixedBackOff{interval=5000, currentAttempts=1173, maxAttempts=unlimited}. Cause: Could not connect to broker URL: tcp://localhost:61616. Reason: java.net.ConnectException: Connection refused
16:07:51.235 [org.springframework.jms.JmsListenerEndpointContainer#0-1] ERROR o.s.j.l.DefaultMessageListenerContainer - Could not refresh JMS Connection for destination 'activemq.queue' - retrying using FixedBackOff{interval=5000, currentAttempts=1174, maxAttempts=unlimited}. Cause: Could not connect to broker URL: tcp://localhost:61616. Reason: java.net.ConnectException: Connection refused
16:07:53.218 [Apollo-RemoteConfigRepository-1] WARN  c.c.f.a.i.AbstractConfigRepository - Sync config failed, will retry. Repository class com.ctrip.framework.apollo.internals.RemoteConfigRepository, reason: Get config services failed from http://meta.apollo.xxx.cn/services/config?appId=platform&ip=10.224.0.20 [Cause: Could not complete get operation [Cause: meta.apollo.xxx.cn]]
16:07:56.239 [org.springframework.jms.JmsListenerEndpointContainer#0-1] ERROR o.s.j.l.DefaultMessageListenerContainer - Could not refresh JMS Connection for destination 'activemq.queue' - retrying using FixedBackOff{interval=5000, currentAttempts=1175, maxAttempts=unlimited}. Cause: Could not connect to broker URL: tcp://localhost:61616. Reason: java.net.ConnectException: Connection refused
16:08:01.244 [org.springframework.jms.JmsListenerEndpointContainer#0-1] ERROR o.s.j.l.DefaultMessageListenerContainer - Could not refresh JMS Connection for destination 'activemq.queue' - retrying using FixedBackOff{interval=5000, currentAttempts=1176, maxAttempts=unlimited}. Cause: Could not connect to broker URL: tcp://localhost:61616. Reason: java.net.ConnectException: Connection refused
16:08:03.272 [Apollo-RemoteConfigRepository-1] WARN  c.c.f.a.i.AbstractConfigRepository - Sync config failed, will retry. Repository class com.ctrip.framework.apollo.internals.RemoteConfigRepository, reason: Get config services failed from http://meta.apollo.xxx.cn/services/config?appId=platform&ip=10.224.0.20 [Cause: Could not complete get operation [Cause: meta.apollo.xxx.cn]]
16:08:06.251 [org.springframework.jms.JmsListenerEndpointContainer#0-1] ERROR o.s.j.l.DefaultMessageListenerContainer - Could not refresh JMS Connection for destination 'activemq.queue' - retrying using FixedBackOff{interval=5000, currentAttempts=1177, maxAttempts=unlimited}. Cause: Could not connect to broker URL: tcp://localhost:61616. Reason: java.net.ConnectException: Connection refused
16:08:11.256 [org.springframework.jms.JmsListenerEndpointContainer#0-1] ERROR o.s.j.l.DefaultMessageListenerContainer - Could not refresh JMS Connection for destination 'activemq.queue' - retrying using FixedBackOff{interval=5000, currentAttempts=1178, maxAttempts=unlimited}. Cause: Could not connect to broker URL: tcp://localhost:61616. Reason: java.net.ConnectException: Connection refused
16:08:16.262 [org.springframework.jms.JmsListenerEndpointContainer#0-1] ERROR o.s.j.l.DefaultMessageListenerContainer - Could not refresh JMS Connection for destination 'activemq.queue' - retrying using FixedBackOff{interval=5000, currentAttempts=1179, maxAttempts=unlimited}. Cause: Could not connect to broker URL: tcp://localhost:61616. Reason: java.net.ConnectException: Connection refused
16:08:19.529 [Apollo-RemoteConfigLongPollService-1] WARN  c.c.f.a.i.RemoteConfigLongPollService - Long polling failed, will retry in 120 seconds. appId: platform, cluster: default, namespaces: application+message+sensitive-config, long polling url: null, reason: Get config services failed from http://meta.apollo.xxx.cn/services/config?appId=platform&ip=10.224.0.20 [Cause: Could not complete get operation [Cause: meta.apollo.xxx.cn]]
16:08:21.268 [org.springframework.jms.JmsListenerEndpointContainer#0-1] ERROR o.s.j.l.DefaultMessageListenerContainer - Could not refresh JMS Connection for destination 'activemq.queue' - retrying using FixedBackOff{interval=5000, currentAttempts=1180, maxAttempts=unlimited}. Cause: Could not connect to broker URL: tcp://localhost:61616. Reason: java.net.ConnectException: Connection refused
16:08:26.271 [org.springframework.jms.JmsListenerEndpointContainer#0-1] ERROR o.s.j.l.DefaultMessageListenerContainer - Could not refresh JMS Connection for destination 'activemq.queue' - retrying using FixedBackOff{interval=5000, currentAttempts=1181, maxAttempts=unlimited}. Cause: Could not connect to broker URL: tcp://localhost:61616. Reason: java.net.ConnectException: Connection refused
16:08:31.278 [org.springframework.jms.JmsListenerEndpointContainer#0-1] ERROR o.s.j.l.DefaultMessageListenerContainer - Could not refresh JMS Connection for destination 'activemq.queue' - retrying using FixedBackOff{interval=5000, currentAttempts=1182, maxAttempts=unlimited}. Cause: Could not connect to broker URL: tcp://localhost:61616. Reason: java.net.ConnectException: Connection refused
16:08:36.285 [org.springframework.jms.JmsListenerEndpointContainer#0-1] ERROR o.s.j.l.DefaultMessageListenerContainer - Could not refresh JMS Connection for destination 'activemq.queue' - retrying using FixedBackOff{interval=5000, currentAttempts=1183, maxAttempts=unlimited}. Cause: Could not connect to broker URL: tcp://localhost:61616. Reason: java.net.ConnectException: Connection refused
16:08:41.293 [org.springframework.jms.JmsListenerEndpointContainer#0-1] ERROR o.s.j.l.DefaultMessageListenerContainer - Could not refresh JMS Connection for destination 'activemq.queue' - retrying using FixedBackOff{interval=5000, currentAttempts=1184, maxAttempts=unlimited}. Cause: Could not connect to broker URL: tcp://localhost:61616. Reason: java.net.ConnectException: Connection refused
16:08:46.300 [org.springframework.jms.JmsListenerEndpointContainer#0-1] ERROR o.s.j.l.DefaultMessageListenerContainer - Could not refresh JMS Connection for destination 'activemq.queue' - retrying using FixedBackOff{interval=5000, currentAttempts=1185, maxAttempts=unlimited}. Cause: Could not connect to broker URL: tcp://localhost:61616. Reason: java.net.ConnectException: Connection refused
16:08:51.306 [org.springframework.jms.JmsListenerEndpointContainer#0-1] ERROR o.s.j.l.DefaultMessageListenerContainer - Could not refresh JMS Connection for destination 'activemq.queue' - retrying using FixedBackOff{interval=5000, currentAttempts=1186, maxAttempts=unlimited}. Cause: Could not connect to broker URL: tcp://localhost:61616. Reason: java.net.ConnectException: Connection refused
16:08:56.318 [org.springframework.jms.JmsListenerEndpointContainer#0-1] ERROR o.s.j.l.DefaultMessageListenerContainer - Could not refresh JMS Connection for destination 'activemq.queue' - retrying using FixedBackOff{interval=5000, currentAttempts=1187, maxAttempts=unlimited}. Cause: Could not connect to broker URL: tcp://localhost:61616. Reason: java.net.ConnectException: Connection refused
16:09:01.342 [org.springframework.jms.JmsListenerEndpointContainer#0-1] ERROR o.s.j.l.DefaultMessageListenerContainer - Could not refresh JMS Connection for destination 'activemq.queue' - retrying using FixedBackOff{interval=5000, currentAttempts=1188, maxAttempts=unlimited}. Cause: Could not connect to broker URL: tcp://localhost:61616. Reason: java.net.ConnectException: Connection refused
16:09:06.347 [org.springframework.jms.JmsListenerEndpointContainer#0-1] ERROR o.s.j.l.DefaultMessageListenerContainer - Could not refresh JMS Connection for destination 'activemq.queue' - retrying using FixedBackOff{interval=5000, currentAttempts=1189, maxAttempts=unlimited}. Cause: Could not connect to broker URL: tcp://localhost:61616. Reason: java.net.ConnectException: Connection refused
16:09:11.356 [org.springframework.jms.JmsListenerEndpointContainer#0-1] ERROR o.s.j.l.DefaultMessageListenerContainer - Could not refresh JMS Connection for destination 'activemq.queue' - retrying using FixedBackOff{interval=5000, currentAttempts=1190, maxAttempts=unlimited}. Cause: Could not connect to broker URL: tcp://localhost:61616. Reason: java.net.ConnectException: Connection refused
16:09:16.365 [org.springframework.jms.JmsListenerEndpointContainer#0-1] ERROR o.s.j.l.DefaultMessageListenerContainer - Could not refresh JMS Connection for destination 'activemq.queue' - retrying using FixedBackOff{interval=5000, currentAttempts=1191, maxAttempts=unlimited}. Cause: Could not connect to broker URL: tcp://localhost:61616. Reason: java.net.ConnectException: Connection refused
16:09:21.371 [org.springframework.jms.JmsListenerEndpointContainer#0-1] ERROR o.s.j.l.DefaultMessageListenerContainer - Could not refresh JMS Connection for destination 'activemq.queue' - retrying using FixedBackOff{interval=5000, currentAttempts=1192, maxAttempts=unlimited}. Cause: Could not connect to broker URL: tcp://localhost:61616. Reason: java.net.ConnectException: Connection refused
16:09:26.376 [org.springframework.jms.JmsListenerEndpointContainer#0-1] ERROR o.s.j.l.DefaultMessageListenerContainer - Could not refresh JMS Connection for destination 'activemq.queue' - retrying using FixedBackOff{interval=5000, currentAttempts=1193, maxAttempts=unlimited}. Cause: Could not connect to broker URL: tcp://localhost:61616. Reason: java.net.ConnectException: Connection refused
16:09:31.384 [org.springframework.jms.JmsListenerEndpointContainer#0-1] ERROR o.s.j.l.DefaultMessageListenerContainer - Could not refresh JMS Connection for destination 'activemq.queue' - retrying using FixedBackOff{interval=5000, currentAttempts=1194, maxAttempts=unlimited}. Cause: Could not connect to broker URL: tcp://localhost:61616. Reason: java.net.ConnectException: Connection refused
16:09:36.390 [org.springframework.jms.JmsListenerEndpointContainer#0-1] ERROR o.s.j.l.DefaultMessageListenerContainer - Could not refresh JMS Connection for destination 'activemq.queue' - retrying using FixedBackOff{interval=5000, currentAttempts=1195, maxAttempts=unlimited}. Cause: Could not connect to broker URL: tcp://localhost:61616. Reason: java.net.ConnectException: Connection refused
16:09:41.396 [org.springframework.jms.JmsListenerEndpointContainer#0-1] ERROR o.s.j.l.DefaultMessageListenerContainer - Could not refresh JMS Connection for destination 'activemq.queue' - retrying using FixedBackOff{interval=5000, currentAttempts=1196, maxAttempts=unlimited}. Cause: Could not connect to broker URL: tcp://localhost:61616. Reason: java.net.ConnectException: Connection refused
16:09:46.405 [org.springframework.jms.JmsListenerEndpointContainer#0-1] ERROR o.s.j.l.DefaultMessageListenerContainer - Could not refresh JMS Connection for destination 'activemq.queue' - retrying using FixedBackOff{interval=5000, currentAttempts=1197, maxAttempts=unlimited}. Cause: Could not connect to broker URL: tcp://localhost:61616. Reason: java.net.ConnectException: Connection refused
16:09:51.410 [org.springframework.jms.JmsListenerEndpointContainer#0-1] ERROR o.s.j.l.DefaultMessageListenerContainer - Could not refresh JMS Connection for destination 'activemq.queue' - retrying using FixedBackOff{interval=5000, currentAttempts=1198, maxAttempts=unlimited}. Cause: Could not connect to broker URL: tcp://localhost:61616. Reason: java.net.ConnectException: Connection refused
16:09:56.415 [org.springframework.jms.JmsListenerEndpointContainer#0-1] ERROR o.s.j.l.DefaultMessageListenerContainer - Could not refresh JMS Connection for destination 'activemq.queue' - retrying using FixedBackOff{interval=5000, currentAttempts=1199, maxAttempts=unlimited}. Cause: Could not connect to broker URL: tcp://localhost:61616. Reason: java.net.ConnectException: Connection refused
16:10:01.422 [org.springframework.jms.JmsListenerEndpointContainer#0-1] ERROR o.s.j.l.DefaultMessageListenerContainer - Could not refresh JMS Connection for destination 'activemq.queue' - retrying using FixedBackOff{interval=5000, currentAttempts=1200, maxAttempts=unlimited}. Cause: Could not connect to broker URL: tcp://localhost:61616. Reason: java.net.ConnectException: Connection refused
16:10:06.427 [org.springframework.jms.JmsListenerEndpointContainer#0-1] ERROR o.s.j.l.DefaultMessageListenerContainer - Could not refresh JMS Connection for destination 'activemq.queue' - retrying using FixedBackOff{interval=5000, currentAttempts=1201, maxAttempts=unlimited}. Cause: Could not connect to broker URL: tcp://localhost:61616. Reason: java.net.ConnectException: Connection refused
16:10:11.433 [org.springframework.jms.JmsListenerEndpointContainer#0-1] ERROR o.s.j.l.DefaultMessageListenerContainer - Could not refresh JMS Connection for destination 'activemq.queue' - retrying using FixedBackOff{interval=5000, currentAttempts=1202, maxAttempts=unlimited}. Cause: Could not connect to broker URL: tcp://localhost:61616. Reason: java.net.ConnectException: Connection refused
16:10:16.440 [org.springframework.jms.JmsListenerEndpointContainer#0-1] ERROR o.s.j.l.DefaultMessageListenerContainer - Could not refresh JMS Connection for destination 'activemq.queue' - retrying using FixedBackOff{interval=5000, currentAttempts=1203, maxAttempts=unlimited}. Cause: Could not connect to broker URL: tcp://localhost:61616. Reason: java.net.ConnectException: Connection refused
16:10:21.447 [org.springframework.jms.JmsListenerEndpointContainer#0-1] ERROR o.s.j.l.DefaultMessageListenerContainer - Could not refresh JMS Connection for destination 'activemq.queue' - retrying using FixedBackOff{interval=5000, currentAttempts=1204, maxAttempts=unlimited}. Cause: Could not connect to broker URL: tcp://localhost:61616. Reason: java.net.ConnectException: Connection refused
16:10:21.603 [Apollo-RemoteConfigLongPollService-1] WARN  c.c.f.a.i.RemoteConfigLongPollService - Long polling failed, will retry in 120 seconds. appId: platform, cluster: default, namespaces: application+message+sensitive-config, long polling url: null, reason: Get config services failed from http://meta.apollo.xxx.cn/services/config?appId=platform&ip=10.224.0.20 [Cause: Could not complete get operation [Cause: meta.apollo.xxx.cn]]
16:10:26.452 [org.springframework.jms.JmsListenerEndpointContainer#0-1] ERROR o.s.j.l.DefaultMessageListenerContainer - Could not refresh JMS Connection for destination 'activemq.queue' - retrying using FixedBackOff{interval=5000, currentAttempts=1205, maxAttempts=unlimited}. Cause: Could not connect to broker URL: tcp://localhost:61616. Reason: java.net.ConnectException: Connection refused
16:10:31.467 [org.springframework.jms.JmsListenerEndpointContainer#0-1] ERROR o.s.j.l.DefaultMessageListenerContainer - Could not refresh JMS Connection for destination 'activemq.queue' - retrying using FixedBackOff{interval=5000, currentAttempts=1206, maxAttempts=unlimited}. Cause: Could not connect to broker URL: tcp://localhost:61616. Reason: java.net.ConnectException: Connection refused
16:10:36.477 [org.springframework.jms.JmsListenerEndpointContainer#0-1] ERROR o.s.j.l.DefaultMessageListenerContainer - Could not refresh JMS Connection for destination 'activemq.queue' - retrying using FixedBackOff{interval=5000, currentAttempts=1207, maxAttempts=unlimited}. Cause: Could not connect to broker URL: tcp://localhost:61616. Reason: java.net.ConnectException: Connection refused
16:10:41.483 [org.springframework.jms.JmsListenerEndpointContainer#0-1] ERROR o.s.j.l.DefaultMessageListenerContainer - Could not refresh JMS Connection for destination 'activemq.queue' - retrying using FixedBackOff{interval=5000, currentAttempts=1208, maxAttempts=unlimited}. Cause: Could not connect to broker URL: tcp://localhost:61616. Reason: java.net.ConnectException: Connection refused
16:10:46.490 [org.springframework.jms.JmsListenerEndpointContainer#0-1] ERROR o.s.j.l.DefaultMessageListenerContainer - Could not refresh JMS Connection for destination 'activemq.queue' - retrying using FixedBackOff{interval=5000, currentAttempts=1209, maxAttempts=unlimited}. Cause: Could not connect to broker URL: tcp://localhost:61616. Reason: java.net.ConnectException: Connection refused
16:10:51.496 [org.springframework.jms.JmsListenerEndpointContainer#0-1] ERROR o.s.j.l.DefaultMessageListenerContainer - Could not refresh JMS Connection for destination 'activemq.queue' - retrying using FixedBackOff{interval=5000, currentAttempts=1210, maxAttempts=unlimited}. Cause: Could not connect to broker URL: tcp://localhost:61616. Reason: java.net.ConnectException: Connection refused
16:10:56.501 [org.springframework.jms.JmsListenerEndpointContainer#0-1] ERROR o.s.j.l.DefaultMessageListenerContainer - Could not refresh JMS Connection for destination 'activemq.queue' - retrying using FixedBackOff{interval=5000, currentAttempts=1211, maxAttempts=unlimited}. Cause: Could not connect to broker URL: tcp://localhost:61616. Reason: java.net.ConnectException: Connection refused
16:11:01.509 [org.springframework.jms.JmsListenerEndpointContainer#0-1] ERROR o.s.j.l.DefaultMessageListenerContainer - Could not refresh JMS Connection for destination 'activemq.queue' - retrying using FixedBackOff{interval=5000, currentAttempts=1212, maxAttempts=unlimited}. Cause: Could not connect to broker URL: tcp://localhost:61616. Reason: java.net.ConnectException: Connection refused
16:11:06.548 [org.springframework.jms.JmsListenerEndpointContainer#0-1] ERROR o.s.j.l.DefaultMessageListenerContainer - Could not refresh JMS Connection for destination 'activemq.queue' - retrying using FixedBackOff{interval=5000, currentAttempts=1213, maxAttempts=unlimited}. Cause: Could not connect to broker URL: tcp://localhost:61616. Reason: java.net.ConnectException: Connection refused
16:11:11.557 [org.springframework.jms.JmsListenerEndpointContainer#0-1] ERROR o.s.j.l.DefaultMessageListenerContainer - Could not refresh JMS Connection for destination 'activemq.queue' - retrying using FixedBackOff{interval=5000, currentAttempts=1214, maxAttempts=unlimited}. Cause: Could not connect to broker URL: tcp://localhost:61616. Reason: java.net.ConnectException: Connection refused
16:11:16.564 [org.springframework.jms.JmsListenerEndpointContainer#0-1] ERROR o.s.j.l.DefaultMessageListenerContainer - Could not refresh JMS Connection for destination 'activemq.queue' - retrying using FixedBackOff{interval=5000, currentAttempts=1215, maxAttempts=unlimited}. Cause: Could not connect to broker URL: tcp://localhost:61616. Reason: java.net.ConnectException: Connection refused
16:11:21.570 [org.springframework.jms.JmsListenerEndpointContainer#0-1] ERROR o.s.j.l.DefaultMessageListenerContainer - Could not refresh JMS Connection for destination 'activemq.queue' - retrying using FixedBackOff{interval=5000, currentAttempts=1216, maxAttempts=unlimited}. Cause: Could not connect to broker URL: tcp://localhost:61616. Reason: java.net.ConnectException: Connection refused
16:11:26.576 [org.springframework.jms.JmsListenerEndpointContainer#0-1] ERROR o.s.j.l.DefaultMessageListenerContainer - Could not refresh JMS Connection for destination 'activemq.queue' - retrying using FixedBackOff{interval=5000, currentAttempts=1217, maxAttempts=unlimited}. Cause: Could not connect to broker URL: tcp://localhost:61616. Reason: java.net.ConnectException: Connection refused
16:11:31.581 [org.springframework.jms.JmsListenerEndpointContainer#0-1] ERROR o.s.j.l.DefaultMessageListenerContainer - Could not refresh JMS Connection for destination 'activemq.queue' - retrying using FixedBackOff{interval=5000, currentAttempts=1218, maxAttempts=unlimited}. Cause: Could not connect to broker URL: tcp://localhost:61616. Reason: java.net.ConnectException: Connection refused
16:11:36.585 [org.springframework.jms.JmsListenerEndpointContainer#0-1] ERROR o.s.j.l.DefaultMessageListenerContainer - Could not refresh JMS Connection for destination 'activemq.queue' - retrying using FixedBackOff{interval=5000, currentAttempts=1219, maxAttempts=unlimited}. Cause: Could not connect to broker URL: tcp://localhost:61616. Reason: java.net.ConnectException: Connection refused
16:11:41.590 [org.springframework.jms.JmsListenerEndpointContainer#0-1] ERROR o.s.j.l.DefaultMessageListenerContainer - Could not refresh JMS Connection for destination 'activemq.queue' - retrying using FixedBackOff{interval=5000, currentAttempts=1220, maxAttempts=unlimited}. Cause: Could not connect to broker URL: tcp://localhost:61616. Reason: java.net.ConnectException: Connection refused
16:11:46.598 [org.springframework.jms.JmsListenerEndpointContainer#0-1] ERROR o.s.j.l.DefaultMessageListenerContainer - Could not refresh JMS Connection for destination 'activemq.queue' - retrying using FixedBackOff{interval=5000, currentAttempts=1221, maxAttempts=unlimited}. Cause: Could not connect to broker URL: tcp://localhost:61616. Reason: java.net.ConnectException: Connection refused
16:11:51.604 [org.springframework.jms.JmsListenerEndpointContainer#0-1] ERROR o.s.j.l.DefaultMessageListenerContainer - Could not refresh JMS Connection for destination 'activemq.queue' - retrying using FixedBackOff{interval=5000, currentAttempts=1222, maxAttempts=unlimited}. Cause: Could not connect to broker URL: tcp://localhost:61616. Reason: java.net.ConnectException: Connection refused
16:11:56.610 [org.springframework.jms.JmsListenerEndpointContainer#0-1] ERROR o.s.j.l.DefaultMessageListenerContainer - Could not refresh JMS Connection for destination 'activemq.queue' - retrying using FixedBackOff{interval=5000, currentAttempts=1223, maxAttempts=unlimited}. Cause: Could not connect to broker URL: tcp://localhost:61616. Reason: java.net.ConnectException: Connection refused
16:12:01.617 [org.springframework.jms.JmsListenerEndpointContainer#0-1] ERROR o.s.j.l.DefaultMessageListenerContainer - Could not refresh JMS Connection for destination 'activemq.queue' - retrying using FixedBackOff{interval=5000, currentAttempts=1224, maxAttempts=unlimited}. Cause: Could not connect to broker URL: tcp://localhost:61616. Reason: java.net.ConnectException: Connection refused
16:12:06.660 [org.springframework.jms.JmsListenerEndpointContainer#0-1] ERROR o.s.j.l.DefaultMessageListenerContainer - Could not refresh JMS Connection for destination 'activemq.queue' - retrying using FixedBackOff{interval=5000, currentAttempts=1225, maxAttempts=unlimited}. Cause: Could not connect to broker URL: tcp://localhost:61616. Reason: java.net.ConnectException: Connection refused
16:12:11.683 [org.springframework.jms.JmsListenerEndpointContainer#0-1] ERROR o.s.j.l.DefaultMessageListenerContainer - Could not refresh JMS Connection for destination 'activemq.queue' - retrying using FixedBackOff{interval=5000, currentAttempts=1226, maxAttempts=unlimited}. Cause: Could not connect to broker URL: tcp://localhost:61616. Reason: java.net.ConnectException: Connection refused
16:12:16.694 [org.springframework.jms.JmsListenerEndpointContainer#0-1] ERROR o.s.j.l.DefaultMessageListenerContainer - Could not refresh JMS Connection for destination 'activemq.queue' - retrying using FixedBackOff{interval=5000, currentAttempts=1227, maxAttempts=unlimited}. Cause: Could not connect to broker URL: tcp://localhost:61616. Reason: java.net.ConnectException: Connection refused
16:12:21.700 [org.springframework.jms.JmsListenerEndpointContainer#0-1] ERROR o.s.j.l.DefaultMessageListenerContainer - Could not refresh JMS Connection for destination 'activemq.queue' - retrying using FixedBackOff{interval=5000, currentAttempts=1228, maxAttempts=unlimited}. Cause: Could not connect to broker URL: tcp://localhost:61616. Reason: java.net.ConnectException: Connection refused
16:12:23.682 [Apollo-RemoteConfigLongPollService-1] WARN  c.c.f.a.i.RemoteConfigLongPollService - Long polling failed, will retry in 120 seconds. appId: platform, cluster: default, namespaces: application+message+sensitive-config, long polling url: null, reason: Get config services failed from http://meta.apollo.xxx.cn/services/config?appId=platform&ip=10.224.0.20 [Cause: Could not complete get operation [Cause: meta.apollo.xxx.cn]]
16:12:26.715 [org.springframework.jms.JmsListenerEndpointContainer#0-1] ERROR o.s.j.l.DefaultMessageListenerContainer - Could not refresh JMS Connection for destination 'activemq.queue' - retrying using FixedBackOff{interval=5000, currentAttempts=1229, maxAttempts=unlimited}. Cause: Could not connect to broker URL: tcp://localhost:61616. Reason: java.net.ConnectException: Connection refused
16:12:31.719 [org.springframework.jms.JmsListenerEndpointContainer#0-1] ERROR o.s.j.l.DefaultMessageListenerContainer - Could not refresh JMS Connection for destination 'activemq.queue' - retrying using FixedBackOff{interval=5000, currentAttempts=1230, maxAttempts=unlimited}. Cause: Could not connect to broker URL: tcp://localhost:61616. Reason: java.net.ConnectException: Connection refused
16:12:36.723 [org.springframework.jms.JmsListenerEndpointContainer#0-1] ERROR o.s.j.l.DefaultMessageListenerContainer - Could not refresh JMS Connection for destination 'activemq.queue' - retrying using FixedBackOff{interval=5000, currentAttempts=1231, maxAttempts=unlimited}. Cause: Could not connect to broker URL: tcp://localhost:61616. Reason: java.net.ConnectException: Connection refused
16:12:41.738 [org.springframework.jms.JmsListenerEndpointContainer#0-1] ERROR o.s.j.l.DefaultMessageListenerContainer - Could not refresh JMS Connection for destination 'activemq.queue' - retrying using FixedBackOff{interval=5000, currentAttempts=1232, maxAttempts=unlimited}. Cause: Could not connect to broker URL: tcp://localhost:61616. Reason: java.net.ConnectException: Connection refused
16:12:43.148 [Apollo-RemoteConfigRepository-1] WARN  c.c.f.a.i.AbstractConfigRepository - Sync config failed, will retry. Repository class com.ctrip.framework.apollo.internals.RemoteConfigRepository, reason: Get config services failed from http://meta.apollo.xxx.cn/services/config?appId=platform&ip=10.224.0.20 [Cause: Could not complete get operation [Cause: meta.apollo.xxx.cn]]
16:12:46.743 [org.springframework.jms.JmsListenerEndpointContainer#0-1] ERROR o.s.j.l.DefaultMessageListenerContainer - Could not refresh JMS Connection for destination 'activemq.queue' - retrying using FixedBackOff{interval=5000, currentAttempts=1233, maxAttempts=unlimited}. Cause: Could not connect to broker URL: tcp://localhost:61616. Reason: java.net.ConnectException: Connection refused
16:12:51.748 [org.springframework.jms.JmsListenerEndpointContainer#0-1] ERROR o.s.j.l.DefaultMessageListenerContainer - Could not refresh JMS Connection for destination 'activemq.queue' - retrying using FixedBackOff{interval=5000, currentAttempts=1234, maxAttempts=unlimited}. Cause: Could not connect to broker URL: tcp://localhost:61616. Reason: java.net.ConnectException: Connection refused
16:12:53.218 [Apollo-RemoteConfigRepository-1] WARN  c.c.f.a.i.AbstractConfigRepository - Sync config failed, will retry. Repository class com.ctrip.framework.apollo.internals.RemoteConfigRepository, reason: Get config services failed from http://meta.apollo.xxx.cn/services/config?appId=platform&ip=10.224.0.20 [Cause: Could not complete get operation [Cause: meta.apollo.xxx.cn]]
16:12:54.084 [Thread-175] INFO  o.a.coyote.http11.Http11NioProtocol - Pausing ProtocolHandler ["http-nio-8088"]
16:12:54.085 [Thread-175] INFO  o.a.catalina.core.StandardService - Stopping service [Tomcat]
16:12:54.111 [Thread-175] INFO  o.a.c.c.C.[Tomcat-1].[localhost].[/] - Destroying Spring FrameworkServlet 'dispatcherServlet'
16:12:54.199 [Thread-175] WARN  o.a.c.loader.WebappClassLoaderBase - The web application [ROOT] appears to have started a thread named [HikariPool-8 housekeeper] but has failed to stop it. This is very likely to create a memory leak. Stack trace of thread:
 java.base@17.0.1/jdk.internal.misc.Unsafe.park(Native Method)
 java.base@17.0.1/java.util.concurrent.locks.LockSupport.parkNanos(LockSupport.java:252)
 java.base@17.0.1/java.util.concurrent.locks.AbstractQueuedSynchronizer$ConditionObject.awaitNanos(AbstractQueuedSynchronizer.java:1672)
 java.base@17.0.1/java.util.concurrent.ScheduledThreadPoolExecutor$DelayedWorkQueue.take(ScheduledThreadPoolExecutor.java:1182)
 java.base@17.0.1/java.util.concurrent.ScheduledThreadPoolExecutor$DelayedWorkQueue.take(ScheduledThreadPoolExecutor.java:899)
 java.base@17.0.1/java.util.concurrent.ThreadPoolExecutor.getTask(ThreadPoolExecutor.java:1062)
 java.base@17.0.1/java.util.concurrent.ThreadPoolExecutor.runWorker(ThreadPoolExecutor.java:1122)
 java.base@17.0.1/java.util.concurrent.ThreadPoolExecutor$Worker.run(ThreadPoolExecutor.java:635)
 java.base@17.0.1/java.lang.Thread.run(Thread.java:833)
16:12:54.215 [Thread-175] INFO  o.a.coyote.http11.Http11NioProtocol - Stopping ProtocolHandler ["http-nio-8088"]
16:12:54.283 [Thread-175] INFO  o.a.coyote.http11.Http11NioProtocol - Destroying ProtocolHandler ["http-nio-8088"]
16:12:54.358 [Thread-175] INFO  com.zaxxer.hikari.HikariDataSource - HikariPool-8 - Shutdown initiated...
16:12:54.381 [Thread-175] INFO  com.zaxxer.hikari.HikariDataSource - HikariPool-8 - Shutdown completed.
16:12:56.666 [restartedMain] INFO  com.cows.Application - Starting Application using Java 17.0.1 with PID 22470 (/Users/liyinchi/workspace/java/company_official_website_server/target/classes started by liyinchi in /Users/liyinchi/workspace/java/company_official_website_server)
16:12:56.667 [restartedMain] INFO  com.cows.Application - The following 1 profile is active: "prod"
16:12:57.937 [restartedMain] INFO  o.a.coyote.http11.Http11NioProtocol - Initializing ProtocolHandler ["http-nio-8088"]
16:12:57.938 [restartedMain] INFO  o.a.catalina.core.StandardService - Starting service [Tomcat]
16:12:57.938 [restartedMain] INFO  o.a.catalina.core.StandardEngine - Starting Servlet engine: [Apache Tomcat/10.1.12]
16:12:58.011 [restartedMain] INFO  o.a.c.c.C.[Tomcat-1].[localhost].[/] - Initializing Spring embedded WebApplicationContext
16:12:58.664 [restartedMain] ERROR c.b.m.core.MybatisConfiguration - mapper[com.cows.mapper.AdminMapper.findAdminByUserName] is ignored, because it exists, maybe from xml file
16:13:00.451 [restartedMain] INFO  com.cows.service.RedisService - redis port: 6379
16:13:01.985 [restartedMain] INFO  o.a.coyote.http11.Http11NioProtocol - Starting ProtocolHandler ["http-nio-8088"]
16:13:02.013 [restartedMain] INFO  com.cows.Application - Started Application in 5.458 seconds (process running for 27328.294)
16:13:03.272 [Apollo-RemoteConfigRepository-1] WARN  c.c.f.a.i.AbstractConfigRepository - Sync config failed, will retry. Repository class com.ctrip.framework.apollo.internals.RemoteConfigRepository, reason: Get config services failed from http://meta.apollo.xxx.cn/services/config?appId=platform&ip=10.224.0.20 [Cause: Could not complete get operation [Cause: meta.apollo.xxx.cn]]
16:13:07.012 [org.springframework.jms.JmsListenerEndpointContainer#0-1] ERROR o.s.j.l.DefaultMessageListenerContainer - Could not refresh JMS Connection for destination 'activemq.queue' - retrying using FixedBackOff{interval=5000, currentAttempts=0, maxAttempts=unlimited}. Cause: Could not connect to broker URL: tcp://localhost:61616. Reason: java.net.ConnectException: Connection refused
16:13:12.018 [org.springframework.jms.JmsListenerEndpointContainer#0-1] ERROR o.s.j.l.DefaultMessageListenerContainer - Could not refresh JMS Connection for destination 'activemq.queue' - retrying using FixedBackOff{interval=5000, currentAttempts=1, maxAttempts=unlimited}. Cause: Could not connect to broker URL: tcp://localhost:61616. Reason: java.net.ConnectException: Connection refused
16:13:17.025 [org.springframework.jms.JmsListenerEndpointContainer#0-1] ERROR o.s.j.l.DefaultMessageListenerContainer - Could not refresh JMS Connection for destination 'activemq.queue' - retrying using FixedBackOff{interval=5000, currentAttempts=2, maxAttempts=unlimited}. Cause: Could not connect to broker URL: tcp://localhost:61616. Reason: java.net.ConnectException: Connection refused
16:13:22.030 [org.springframework.jms.JmsListenerEndpointContainer#0-1] ERROR o.s.j.l.DefaultMessageListenerContainer - Could not refresh JMS Connection for destination 'activemq.queue' - retrying using FixedBackOff{interval=5000, currentAttempts=3, maxAttempts=unlimited}. Cause: Could not connect to broker URL: tcp://localhost:61616. Reason: java.net.ConnectException: Connection refused
16:13:27.036 [org.springframework.jms.JmsListenerEndpointContainer#0-1] ERROR o.s.j.l.DefaultMessageListenerContainer - Could not refresh JMS Connection for destination 'activemq.queue' - retrying using FixedBackOff{interval=5000, currentAttempts=4, maxAttempts=unlimited}. Cause: Could not connect to broker URL: tcp://localhost:61616. Reason: java.net.ConnectException: Connection refused
16:13:32.041 [org.springframework.jms.JmsListenerEndpointContainer#0-1] ERROR o.s.j.l.DefaultMessageListenerContainer - Could not refresh JMS Connection for destination 'activemq.queue' - retrying using FixedBackOff{interval=5000, currentAttempts=5, maxAttempts=unlimited}. Cause: Could not connect to broker URL: tcp://localhost:61616. Reason: java.net.ConnectException: Connection refused
16:13:37.047 [org.springframework.jms.JmsListenerEndpointContainer#0-1] ERROR o.s.j.l.DefaultMessageListenerContainer - Could not refresh JMS Connection for destination 'activemq.queue' - retrying using FixedBackOff{interval=5000, currentAttempts=6, maxAttempts=unlimited}. Cause: Could not connect to broker URL: tcp://localhost:61616. Reason: java.net.ConnectException: Connection refused
16:13:42.054 [org.springframework.jms.JmsListenerEndpointContainer#0-1] ERROR o.s.j.l.DefaultMessageListenerContainer - Could not refresh JMS Connection for destination 'activemq.queue' - retrying using FixedBackOff{interval=5000, currentAttempts=7, maxAttempts=unlimited}. Cause: Could not connect to broker URL: tcp://localhost:61616. Reason: java.net.ConnectException: Connection refused
16:13:47.061 [org.springframework.jms.JmsListenerEndpointContainer#0-1] ERROR o.s.j.l.DefaultMessageListenerContainer - Could not refresh JMS Connection for destination 'activemq.queue' - retrying using FixedBackOff{interval=5000, currentAttempts=8, maxAttempts=unlimited}. Cause: Could not connect to broker URL: tcp://localhost:61616. Reason: java.net.ConnectException: Connection refused
16:13:52.069 [org.springframework.jms.JmsListenerEndpointContainer#0-1] ERROR o.s.j.l.DefaultMessageListenerContainer - Could not refresh JMS Connection for destination 'activemq.queue' - retrying using FixedBackOff{interval=5000, currentAttempts=9, maxAttempts=unlimited}. Cause: Could not connect to broker URL: tcp://localhost:61616. Reason: java.net.ConnectException: Connection refused
16:13:57.070 [org.springframework.jms.JmsListenerEndpointContainer#0-1] ERROR o.s.j.l.DefaultMessageListenerContainer - Could not refresh JMS Connection for destination 'activemq.queue' - retrying using FixedBackOff{interval=5000, currentAttempts=10, maxAttempts=unlimited}. Cause: Could not connect to broker URL: tcp://localhost:61616. Reason: java.net.ConnectException: Connection refused
16:14:02.076 [org.springframework.jms.JmsListenerEndpointContainer#0-1] ERROR o.s.j.l.DefaultMessageListenerContainer - Could not refresh JMS Connection for destination 'activemq.queue' - retrying using FixedBackOff{interval=5000, currentAttempts=11, maxAttempts=unlimited}. Cause: Could not connect to broker URL: tcp://localhost:61616. Reason: java.net.ConnectException: Connection refused
16:14:07.081 [org.springframework.jms.JmsListenerEndpointContainer#0-1] ERROR o.s.j.l.DefaultMessageListenerContainer - Could not refresh JMS Connection for destination 'activemq.queue' - retrying using FixedBackOff{interval=5000, currentAttempts=12, maxAttempts=unlimited}. Cause: Could not connect to broker URL: tcp://localhost:61616. Reason: java.net.ConnectException: Connection refused
16:14:12.084 [org.springframework.jms.JmsListenerEndpointContainer#0-1] ERROR o.s.j.l.DefaultMessageListenerContainer - Could not refresh JMS Connection for destination 'activemq.queue' - retrying using FixedBackOff{interval=5000, currentAttempts=13, maxAttempts=unlimited}. Cause: Could not connect to broker URL: tcp://localhost:61616. Reason: java.net.ConnectException: Connection refused
