10:58:28.785 [background-preinit] INFO  o.h.validator.internal.util.Version - HV000001: Hibernate Validator 8.0.1.Final
10:58:28.873 [restartedMain] INFO  c.c.f.f.i.p.DefaultApplicationProvider - App ID is set to platform by app.id property from System Property
10:58:28.874 [restartedMain] WARN  c.c.f.f.i.p.DefaultApplicationProvider - app.label is not available from System Property and /META-INF/app.properties. It is set to null
10:58:28.874 [restartedMain] INFO  c.c.f.f.i.p.DefaultServerProvider - Environment is set to null. Because it is not available in either (1) JVM system property 'env', (2) OS env variable 'ENV' nor (3) property 'env' from the properties InputStream.
10:58:28.875 [restartedMain] INFO  c.c.f.a.i.DefaultMetaServerProvider - Located meta services from apollo.meta configuration: http://meta.apollo.xxx.cn!
10:58:28.875 [restartedMain] INFO  c.c.f.apollo.core.MetaDomainConsts - Located meta server address http://meta.apollo.xxx.cn for env UNKNOWN from com.ctrip.framework.apollo.internals.DefaultMetaServerProvider
10:58:28.875 [restartedMain] WARN  c.c.f.a.i.LocalFileConfigRepository - Sync config from upstream repository class com.ctrip.framework.apollo.internals.RemoteConfigRepository failed, reason: Get config services failed from http://meta.apollo.xxx.cn/services/config?appId=platform&ip=10.224.0.20 [Cause: Could not complete get operation [Cause: meta.apollo.xxx.cn]]
10:58:28.875 [restartedMain] WARN  c.c.f.a.i.LocalFileConfigRepository - Sync config from upstream repository class com.ctrip.framework.apollo.internals.RemoteConfigRepository failed, reason: Get config services failed from http://meta.apollo.xxx.cn/services/config?appId=platform&ip=10.224.0.20 [Cause: Could not complete get operation [Cause: meta.apollo.xxx.cn]]
10:58:28.875 [restartedMain] WARN  c.c.f.apollo.internals.DefaultConfig - Init Apollo Local Config failed - namespace: application, reason: Load config from local config failed! [Cause: Cannot read from local cache file /Users/liyinchi/workspace/java/company_official_website_server/./config/platform/config-cache/platform+default+application.properties].
10:58:28.876 [restartedMain] WARN  c.c.f.a.i.LocalFileConfigRepository - Sync config from upstream repository class com.ctrip.framework.apollo.internals.RemoteConfigRepository failed, reason: Get config services failed from http://meta.apollo.xxx.cn/services/config?appId=platform&ip=10.224.0.20 [Cause: Could not complete get operation [Cause: meta.apollo.xxx.cn]]
10:58:28.876 [restartedMain] WARN  c.c.f.a.i.LocalFileConfigRepository - Sync config from upstream repository class com.ctrip.framework.apollo.internals.RemoteConfigRepository failed, reason: Get config services failed from http://meta.apollo.xxx.cn/services/config?appId=platform&ip=10.224.0.20 [Cause: Could not complete get operation [Cause: meta.apollo.xxx.cn]]
10:58:28.876 [restartedMain] WARN  c.c.f.apollo.internals.DefaultConfig - Init Apollo Local Config failed - namespace: sensitive-config, reason: Load config from local config failed! [Cause: Cannot read from local cache file /Users/liyinchi/workspace/java/company_official_website_server/./config/platform/config-cache/platform+default+sensitive-config.properties].
10:58:28.876 [restartedMain] WARN  c.c.f.a.i.LocalFileConfigRepository - Sync config from upstream repository class com.ctrip.framework.apollo.internals.RemoteConfigRepository failed, reason: Get config services failed from http://meta.apollo.xxx.cn/services/config?appId=platform&ip=10.224.0.20 [Cause: Could not complete get operation [Cause: meta.apollo.xxx.cn]]
10:58:28.876 [restartedMain] WARN  c.c.f.a.i.LocalFileConfigRepository - Sync config from upstream repository class com.ctrip.framework.apollo.internals.RemoteConfigRepository failed, reason: Get config services failed from http://meta.apollo.xxx.cn/services/config?appId=platform&ip=10.224.0.20 [Cause: Could not complete get operation [Cause: meta.apollo.xxx.cn]]
10:58:28.877 [restartedMain] WARN  c.c.f.apollo.internals.DefaultConfig - Init Apollo Local Config failed - namespace: message, reason: Load config from local config failed! [Cause: Cannot read from local cache file /Users/liyinchi/workspace/java/company_official_website_server/./config/platform/config-cache/platform+default+message.properties].
10:58:28.877 [restartedMain] WARN  c.c.f.apollo.internals.DefaultConfig - Could not load config for namespace application from Apollo, please check whether the configs are released in Apollo! Return default value now!
10:58:28.877 [restartedMain] WARN  c.c.f.apollo.internals.DefaultConfig - Could not load config for namespace sensitive-config from Apollo, please check whether the configs are released in Apollo! Return default value now!
10:58:28.877 [restartedMain] WARN  c.c.f.apollo.internals.DefaultConfig - Could not load config for namespace message from Apollo, please check whether the configs are released in Apollo! Return default value now!
10:58:28.893 [restartedMain] INFO  com.cows.Application - Starting Application using Java 17.0.1 with PID 39751 (/Users/liyinchi/workspace/java/company_official_website_server/target/classes started by liyinchi in /Users/liyinchi/workspace/java/company_official_website_server)
10:58:28.894 [restartedMain] INFO  com.cows.Application - The following 1 profile is active: "dev"
10:58:32.551 [restartedMain] INFO  o.a.coyote.http11.Http11NioProtocol - Initializing ProtocolHandler ["http-nio-8088"]
10:58:32.554 [restartedMain] INFO  o.a.catalina.core.StandardService - Starting service [Tomcat]
10:58:32.554 [restartedMain] INFO  o.a.catalina.core.StandardEngine - Starting Servlet engine: [Apache Tomcat/10.1.12]
10:58:32.648 [restartedMain] INFO  o.a.c.c.C.[Tomcat].[localhost].[/] - Initializing Spring embedded WebApplicationContext
10:58:32.666 [Apollo-RemoteConfigLongPollService-1] WARN  c.c.f.a.i.RemoteConfigLongPollService - Long polling failed, will retry in 16 seconds. appId: platform, cluster: default, namespaces: application+message+sensitive-config, long polling url: null, reason: Get config services failed from http://meta.apollo.xxx.cn/services/config?appId=platform&ip=10.224.0.20 [Cause: Could not complete get operation [Cause: meta.apollo.xxx.cn]]
10:58:33.334 [restartedMain] ERROR c.b.m.core.MybatisConfiguration - mapper[com.cows.mapper.AdminMapper.findAdminByUserName] is ignored, because it exists, maybe from xml file
10:58:34.196 [restartedMain] INFO  c.c.f.a.s.a.SpringValueProcessor - Monitoring key: microservice.url.orderUrl, beanName: jsonController, field: com.cows.controller.common.JsonController.orderUrl
10:58:34.312 [restartedMain] INFO  c.c.f.a.s.a.SpringValueProcessor - Monitoring key: wechat.appid, beanName: wechatService, field: com.cows.service.WechatService.appId
10:58:34.313 [restartedMain] INFO  c.c.f.a.s.a.SpringValueProcessor - Monitoring key: wechat.secret, beanName: wechatService, field: com.cows.service.WechatService.secret
10:58:34.313 [restartedMain] INFO  c.c.f.a.s.a.SpringValueProcessor - Monitoring key: wechat.redirect.uri, beanName: wechatService, field: com.cows.service.WechatService.redirectUri
10:58:34.332 [restartedMain] INFO  c.c.f.a.s.a.SpringValueProcessor - Monitoring key: wechat.appid, beanName: loginController, field: com.cows.controller.common.LoginController.appid
10:58:34.332 [restartedMain] INFO  c.c.f.a.s.a.SpringValueProcessor - Monitoring key: wechat.redirect.uri, beanName: loginController, field: com.cows.controller.common.LoginController.redirectUri
10:58:35.393 [restartedMain] INFO  com.cows.service.RedisService - redis port: 6379
10:58:36.816 [restartedMain] INFO  c.c.f.a.s.a.SpringValueProcessor - Monitoring key: spring.mvc.servlet.path, beanName: swaggerWelcome, field: org.springdoc.webmvc.ui.SwaggerWelcomeWebMvc.mvcServletPath
10:58:37.757 [restartedMain] INFO  o.a.coyote.http11.Http11NioProtocol - Starting ProtocolHandler ["http-nio-8088"]
10:58:37.988 [restartedMain] INFO  com.cows.Application - Started Application in 38.237 seconds (process running for 40.145)
10:58:42.991 [org.springframework.jms.JmsListenerEndpointContainer#0-1] ERROR o.s.j.l.DefaultMessageListenerContainer - Could not refresh JMS Connection for destination 'activemq.queue' - retrying using FixedBackOff{interval=5000, currentAttempts=0, maxAttempts=unlimited}. Cause: Could not connect to broker URL: tcp://localhost:61616. Reason: java.net.ConnectException: Connection refused
10:58:47.996 [org.springframework.jms.JmsListenerEndpointContainer#0-1] ERROR o.s.j.l.DefaultMessageListenerContainer - Could not refresh JMS Connection for destination 'activemq.queue' - retrying using FixedBackOff{interval=5000, currentAttempts=1, maxAttempts=unlimited}. Cause: Could not connect to broker URL: tcp://localhost:61616. Reason: java.net.ConnectException: Connection refused
10:58:50.677 [Apollo-RemoteConfigLongPollService-1] WARN  c.c.f.a.i.RemoteConfigLongPollService - Long polling failed, will retry in 32 seconds. appId: platform, cluster: default, namespaces: application+message+sensitive-config, long polling url: null, reason: Get config services failed from http://meta.apollo.xxx.cn/services/config?appId=platform&ip=10.224.0.20 [Cause: Could not complete get operation [Cause: meta.apollo.xxx.cn]]
10:58:53.003 [org.springframework.jms.JmsListenerEndpointContainer#0-1] ERROR o.s.j.l.DefaultMessageListenerContainer - Could not refresh JMS Connection for destination 'activemq.queue' - retrying using FixedBackOff{interval=5000, currentAttempts=2, maxAttempts=unlimited}. Cause: Could not connect to broker URL: tcp://localhost:61616. Reason: java.net.ConnectException: Connection refused
10:58:58.008 [org.springframework.jms.JmsListenerEndpointContainer#0-1] ERROR o.s.j.l.DefaultMessageListenerContainer - Could not refresh JMS Connection for destination 'activemq.queue' - retrying using FixedBackOff{interval=5000, currentAttempts=3, maxAttempts=unlimited}. Cause: Could not connect to broker URL: tcp://localhost:61616. Reason: java.net.ConnectException: Connection refused
10:59:03.014 [org.springframework.jms.JmsListenerEndpointContainer#0-1] ERROR o.s.j.l.DefaultMessageListenerContainer - Could not refresh JMS Connection for destination 'activemq.queue' - retrying using FixedBackOff{interval=5000, currentAttempts=4, maxAttempts=unlimited}. Cause: Could not connect to broker URL: tcp://localhost:61616. Reason: java.net.ConnectException: Connection refused
10:59:08.021 [org.springframework.jms.JmsListenerEndpointContainer#0-1] ERROR o.s.j.l.DefaultMessageListenerContainer - Could not refresh JMS Connection for destination 'activemq.queue' - retrying using FixedBackOff{interval=5000, currentAttempts=5, maxAttempts=unlimited}. Cause: Could not connect to broker URL: tcp://localhost:61616. Reason: java.net.ConnectException: Connection refused
10:59:13.026 [org.springframework.jms.JmsListenerEndpointContainer#0-1] ERROR o.s.j.l.DefaultMessageListenerContainer - Could not refresh JMS Connection for destination 'activemq.queue' - retrying using FixedBackOff{interval=5000, currentAttempts=6, maxAttempts=unlimited}. Cause: Could not connect to broker URL: tcp://localhost:61616. Reason: java.net.ConnectException: Connection refused
10:59:18.028 [org.springframework.jms.JmsListenerEndpointContainer#0-1] ERROR o.s.j.l.DefaultMessageListenerContainer - Could not refresh JMS Connection for destination 'activemq.queue' - retrying using FixedBackOff{interval=5000, currentAttempts=7, maxAttempts=unlimited}. Cause: Could not connect to broker URL: tcp://localhost:61616. Reason: java.net.ConnectException: Connection refused
10:59:23.035 [org.springframework.jms.JmsListenerEndpointContainer#0-1] ERROR o.s.j.l.DefaultMessageListenerContainer - Could not refresh JMS Connection for destination 'activemq.queue' - retrying using FixedBackOff{interval=5000, currentAttempts=8, maxAttempts=unlimited}. Cause: Could not connect to broker URL: tcp://localhost:61616. Reason: java.net.ConnectException: Connection refused
10:59:24.719 [Apollo-RemoteConfigLongPollService-1] WARN  c.c.f.a.i.RemoteConfigLongPollService - Long polling failed, will retry in 64 seconds. appId: platform, cluster: default, namespaces: application+message+sensitive-config, long polling url: null, reason: Get config services failed from http://meta.apollo.xxx.cn/services/config?appId=platform&ip=10.224.0.20 [Cause: Could not complete get operation [Cause: meta.apollo.xxx.cn]]
10:59:28.041 [org.springframework.jms.JmsListenerEndpointContainer#0-1] ERROR o.s.j.l.DefaultMessageListenerContainer - Could not refresh JMS Connection for destination 'activemq.queue' - retrying using FixedBackOff{interval=5000, currentAttempts=9, maxAttempts=unlimited}. Cause: Could not connect to broker URL: tcp://localhost:61616. Reason: java.net.ConnectException: Connection refused
10:59:33.047 [org.springframework.jms.JmsListenerEndpointContainer#0-1] ERROR o.s.j.l.DefaultMessageListenerContainer - Could not refresh JMS Connection for destination 'activemq.queue' - retrying using FixedBackOff{interval=5000, currentAttempts=10, maxAttempts=unlimited}. Cause: Could not connect to broker URL: tcp://localhost:61616. Reason: java.net.ConnectException: Connection refused
10:59:38.054 [org.springframework.jms.JmsListenerEndpointContainer#0-1] ERROR o.s.j.l.DefaultMessageListenerContainer - Could not refresh JMS Connection for destination 'activemq.queue' - retrying using FixedBackOff{interval=5000, currentAttempts=11, maxAttempts=unlimited}. Cause: Could not connect to broker URL: tcp://localhost:61616. Reason: java.net.ConnectException: Connection refused
10:59:43.061 [org.springframework.jms.JmsListenerEndpointContainer#0-1] ERROR o.s.j.l.DefaultMessageListenerContainer - Could not refresh JMS Connection for destination 'activemq.queue' - retrying using FixedBackOff{interval=5000, currentAttempts=12, maxAttempts=unlimited}. Cause: Could not connect to broker URL: tcp://localhost:61616. Reason: java.net.ConnectException: Connection refused
10:59:48.065 [org.springframework.jms.JmsListenerEndpointContainer#0-1] ERROR o.s.j.l.DefaultMessageListenerContainer - Could not refresh JMS Connection for destination 'activemq.queue' - retrying using FixedBackOff{interval=5000, currentAttempts=13, maxAttempts=unlimited}. Cause: Could not connect to broker URL: tcp://localhost:61616. Reason: java.net.ConnectException: Connection refused
10:59:53.070 [org.springframework.jms.JmsListenerEndpointContainer#0-1] ERROR o.s.j.l.DefaultMessageListenerContainer - Could not refresh JMS Connection for destination 'activemq.queue' - retrying using FixedBackOff{interval=5000, currentAttempts=14, maxAttempts=unlimited}. Cause: Could not connect to broker URL: tcp://localhost:61616. Reason: java.net.ConnectException: Connection refused
10:59:58.077 [org.springframework.jms.JmsListenerEndpointContainer#0-1] ERROR o.s.j.l.DefaultMessageListenerContainer - Could not refresh JMS Connection for destination 'activemq.queue' - retrying using FixedBackOff{interval=5000, currentAttempts=15, maxAttempts=unlimited}. Cause: Could not connect to broker URL: tcp://localhost:61616. Reason: java.net.ConnectException: Connection refused
