22:09:44.758 [org.springframework.jms.JmsListenerEndpointContainer#0-1] ERROR o.s.j.l.DefaultMessageListenerContainer - Could not refresh JMS Connection for destination 'activemq.queue' - retrying using FixedBackOff{interval=5000, currentAttempts=179, maxAttempts=unlimited}. Cause: Could not connect to broker URL: tcp://localhost:61616. Reason: java.net.ConnectException: Connection refused
22:09:46.221 [HikariPool-13 housekeeper] WARN  com.zaxxer.hikari.pool.HikariPool - HikariPool-13 - Thread starvation or clock leap detected (housekeeper delta=15m54s335ms).
22:09:49.777 [org.springframework.jms.JmsListenerEndpointContainer#0-1] ERROR o.s.j.l.DefaultMessageListenerContainer - Could not refresh JMS Connection for destination 'activemq.queue' - retrying using FixedBackOff{interval=5000, currentAttempts=180, maxAttempts=unlimited}. Cause: Could not connect to broker URL: tcp://localhost:61616. Reason: java.net.ConnectException: Connection refused
22:09:54.791 [org.springframework.jms.JmsListenerEndpointContainer#0-1] ERROR o.s.j.l.DefaultMessageListenerContainer - Could not refresh JMS Connection for destination 'activemq.queue' - retrying using FixedBackOff{interval=5000, currentAttempts=181, maxAttempts=unlimited}. Cause: Could not connect to broker URL: tcp://localhost:61616. Reason: java.net.ConnectException: Connection refused
22:10:23.284 [org.springframework.jms.JmsListenerEndpointContainer#0-1] ERROR o.s.j.l.DefaultMessageListenerContainer - Could not refresh JMS Connection for destination 'activemq.queue' - retrying using FixedBackOff{interval=5000, currentAttempts=182, maxAttempts=unlimited}. Cause: Could not connect to broker URL: tcp://localhost:61616. Reason: java.net.ConnectException: Connection refused
22:10:28.289 [org.springframework.jms.JmsListenerEndpointContainer#0-1] ERROR o.s.j.l.DefaultMessageListenerContainer - Could not refresh JMS Connection for destination 'activemq.queue' - retrying using FixedBackOff{interval=5000, currentAttempts=183, maxAttempts=unlimited}. Cause: Could not connect to broker URL: tcp://localhost:61616. Reason: java.net.ConnectException: Connection refused
22:10:57.517 [org.springframework.jms.JmsListenerEndpointContainer#0-1] ERROR o.s.j.l.DefaultMessageListenerContainer - Could not refresh JMS Connection for destination 'activemq.queue' - retrying using FixedBackOff{interval=5000, currentAttempts=184, maxAttempts=unlimited}. Cause: Could not connect to broker URL: tcp://localhost:61616. Reason: java.net.ConnectException: Connection refused
22:11:03.219 [HikariPool-13 housekeeper] WARN  com.zaxxer.hikari.pool.HikariPool - HikariPool-13 - Thread starvation or clock leap detected (housekeeper delta=1m16s998ms).
22:11:03.282 [org.springframework.jms.JmsListenerEndpointContainer#0-1] ERROR o.s.j.l.DefaultMessageListenerContainer - Could not refresh JMS Connection for destination 'activemq.queue' - retrying using FixedBackOff{interval=5000, currentAttempts=185, maxAttempts=unlimited}. Cause: Could not connect to broker URL: tcp://localhost:61616. Reason: java.net.ConnectException: Connection refused
22:11:32.937 [org.springframework.jms.JmsListenerEndpointContainer#0-1] ERROR o.s.j.l.DefaultMessageListenerContainer - Could not refresh JMS Connection for destination 'activemq.queue' - retrying using FixedBackOff{interval=5000, currentAttempts=186, maxAttempts=unlimited}. Cause: Could not connect to broker URL: tcp://localhost:61616. Reason: java.net.ConnectException: Connection refused
22:11:37.943 [org.springframework.jms.JmsListenerEndpointContainer#0-1] ERROR o.s.j.l.DefaultMessageListenerContainer - Could not refresh JMS Connection for destination 'activemq.queue' - retrying using FixedBackOff{interval=5000, currentAttempts=187, maxAttempts=unlimited}. Cause: Could not connect to broker URL: tcp://localhost:61616. Reason: java.net.ConnectException: Connection refused
22:11:42.953 [org.springframework.jms.JmsListenerEndpointContainer#0-1] ERROR o.s.j.l.DefaultMessageListenerContainer - Could not refresh JMS Connection for destination 'activemq.queue' - retrying using FixedBackOff{interval=5000, currentAttempts=188, maxAttempts=unlimited}. Cause: Could not connect to broker URL: tcp://localhost:61616. Reason: java.net.ConnectException: Connection refused
22:12:11.473 [org.springframework.jms.JmsListenerEndpointContainer#0-1] ERROR o.s.j.l.DefaultMessageListenerContainer - Could not refresh JMS Connection for destination 'activemq.queue' - retrying using FixedBackOff{interval=5000, currentAttempts=189, maxAttempts=unlimited}. Cause: Could not connect to broker URL: tcp://localhost:61616. Reason: java.net.ConnectException: Connection refused
22:12:16.480 [org.springframework.jms.JmsListenerEndpointContainer#0-1] ERROR o.s.j.l.DefaultMessageListenerContainer - Could not refresh JMS Connection for destination 'activemq.queue' - retrying using FixedBackOff{interval=5000, currentAttempts=190, maxAttempts=unlimited}. Cause: Could not connect to broker URL: tcp://localhost:61616. Reason: java.net.ConnectException: Connection refused
22:12:43.750 [HikariPool-13 housekeeper] WARN  com.zaxxer.hikari.pool.HikariPool - HikariPool-13 - Thread starvation or clock leap detected (housekeeper delta=1m40s531ms).
22:12:44.998 [org.springframework.jms.JmsListenerEndpointContainer#0-1] ERROR o.s.j.l.DefaultMessageListenerContainer - Could not refresh JMS Connection for destination 'activemq.queue' - retrying using FixedBackOff{interval=5000, currentAttempts=191, maxAttempts=unlimited}. Cause: Could not connect to broker URL: tcp://localhost:61616. Reason: java.net.ConnectException: Connection refused
22:12:50.007 [org.springframework.jms.JmsListenerEndpointContainer#0-1] ERROR o.s.j.l.DefaultMessageListenerContainer - Could not refresh JMS Connection for destination 'activemq.queue' - retrying using FixedBackOff{interval=5000, currentAttempts=192, maxAttempts=unlimited}. Cause: Could not connect to broker URL: tcp://localhost:61616. Reason: java.net.ConnectException: Connection refused
22:32:27.328 [org.springframework.jms.JmsListenerEndpointContainer#0-1] ERROR o.s.j.l.DefaultMessageListenerContainer - Could not refresh JMS Connection for destination 'activemq.queue' - retrying using FixedBackOff{interval=5000, currentAttempts=193, maxAttempts=unlimited}. Cause: Could not connect to broker URL: tcp://localhost:61616. Reason: java.net.ConnectException: Connection refused
22:32:33.119 [org.springframework.jms.JmsListenerEndpointContainer#0-1] ERROR o.s.j.l.DefaultMessageListenerContainer - Could not refresh JMS Connection for destination 'activemq.queue' - retrying using FixedBackOff{interval=5000, currentAttempts=194, maxAttempts=unlimited}. Cause: Could not connect to broker URL: tcp://localhost:61616. Reason: java.net.ConnectException: Connection refused
22:32:38.125 [org.springframework.jms.JmsListenerEndpointContainer#0-1] ERROR o.s.j.l.DefaultMessageListenerContainer - Could not refresh JMS Connection for destination 'activemq.queue' - retrying using FixedBackOff{interval=5000, currentAttempts=195, maxAttempts=unlimited}. Cause: Could not connect to broker URL: tcp://localhost:61616. Reason: java.net.ConnectException: Connection refused
22:32:39.120 [http-nio-8088-exec-62] INFO  c.c.l.MyServletRequestListener - session id为：07758AF621D07D0E7C9C2BE2D241DCF2
22:32:39.120 [http-nio-8088-exec-62] INFO  c.c.l.MyServletRequestListener - request url为：http://127.0.0.1:8088/v1/basicInformation/updateBasicInformation
22:32:39.135 [http-nio-8088-exec-62] INFO  c.c.l.MyServletRequestListener - request end
22:32:39.135 [http-nio-8088-exec-62] INFO  c.c.l.MyServletRequestListener - request域中保存的name值为：测试自定义事件监听器
22:32:39.140 [http-nio-8088-exec-63] INFO  c.c.l.MyServletRequestListener - session id为：null
22:32:39.140 [http-nio-8088-exec-63] INFO  c.c.l.MyServletRequestListener - request url为：http://127.0.0.1:8088/login
22:32:39.143 [http-nio-8088-exec-63] INFO  c.c.c.Interceptor.MyInterceptor - 执行完方法之后进执行(Controller方法调用之后)，但是此时还没进行视图渲染
22:32:39.144 [http-nio-8088-exec-63] INFO  c.c.c.Interceptor.MyInterceptor - 整个请求都处理完咯，DispatcherServlet也渲染了对应的视图咯，此时我可以做一些清理的工作了
22:32:39.144 [http-nio-8088-exec-63] INFO  c.c.l.MyServletRequestListener - request end
22:32:39.145 [http-nio-8088-exec-63] INFO  c.c.l.MyServletRequestListener - request域中保存的name值为：测试自定义事件监听器
22:32:41.908 [http-nio-8088-exec-64] INFO  c.c.l.MyServletRequestListener - session id为：null
22:32:41.908 [http-nio-8088-exec-64] INFO  c.c.l.MyServletRequestListener - request url为：http://127.0.0.1:8088/v1/getLatestImage
22:32:41.909 [http-nio-8088-exec-64] INFO  c.c.c.Interceptor.MyInterceptor - ====拦截到了方法：getLatestImage，在该方法执行之前执行====
22:32:41.913 [http-nio-8088-exec-64] INFO  c.c.c.Interceptor.MyInterceptor - 执行完方法之后进执行(Controller方法调用之后)，但是此时还没进行视图渲染
22:32:41.913 [http-nio-8088-exec-64] INFO  c.c.c.Interceptor.MyInterceptor - 整个请求都处理完咯，DispatcherServlet也渲染了对应的视图咯，此时我可以做一些清理的工作了
22:32:41.913 [http-nio-8088-exec-64] INFO  c.c.l.MyServletRequestListener - request end
22:32:41.913 [http-nio-8088-exec-64] INFO  c.c.l.MyServletRequestListener - request域中保存的name值为：测试自定义事件监听器
22:32:41.923 [http-nio-8088-exec-65] INFO  c.c.l.MyServletRequestListener - session id为：null
22:32:41.924 [http-nio-8088-exec-65] INFO  c.c.l.MyServletRequestListener - request url为：http://127.0.0.1:8088/v1/getLatestImage
22:32:41.924 [http-nio-8088-exec-65] INFO  c.c.c.Interceptor.MyInterceptor - ====拦截到了方法：getLatestImage，在该方法执行之前执行====
22:32:41.937 [http-nio-8088-exec-65] INFO  c.c.c.Interceptor.MyInterceptor - 执行完方法之后进执行(Controller方法调用之后)，但是此时还没进行视图渲染
22:32:41.938 [http-nio-8088-exec-65] INFO  c.c.c.Interceptor.MyInterceptor - 整个请求都处理完咯，DispatcherServlet也渲染了对应的视图咯，此时我可以做一些清理的工作了
22:32:41.938 [http-nio-8088-exec-65] INFO  c.c.l.MyServletRequestListener - request end
22:32:41.938 [http-nio-8088-exec-65] INFO  c.c.l.MyServletRequestListener - request域中保存的name值为：测试自定义事件监听器
22:32:41.939 [http-nio-8088-exec-66] INFO  c.c.l.MyServletRequestListener - session id为：07758AF621D07D0E7C9C2BE2D241DCF2
22:32:41.939 [http-nio-8088-exec-66] INFO  c.c.l.MyServletRequestListener - request url为：http://127.0.0.1:8088/v1/basicInformation/getAllBasicInformation
22:32:41.940 [http-nio-8088-exec-66] INFO  c.c.c.Interceptor.MyInterceptor - ====拦截到了方法：getAllBasicInformation，在该方法执行之前执行====
22:32:41.987 [http-nio-8088-exec-66] INFO  c.c.c.a.BasicInformationController - 获取所有基本信息: [BasicInformation(id=1, phone=18859942595, email=429573928@qq.com, address=福建省泉州市丰泽区泉秀街道泉兴街泉秀新村12栋203室, weChatImage=http://127.0.0.1:8088/v1/getLatestImage?fileName=1_20240701223501_智慧其心公众号二维码.jpg, icp=ICP12345678, beianImage=http://127.0.0.1:8088/v1/getLatestImage?fileName=1_20240701224653_智慧其心logo.png, publicSecurity=8888888888, copyright=© 2024 泉州姚师傅整体家居有限公司, isDeleted=false, isEnable=false)]
22:32:41.992 [http-nio-8088-exec-66] INFO  c.c.c.Interceptor.MyInterceptor - 执行完方法之后进执行(Controller方法调用之后)，但是此时还没进行视图渲染
22:32:41.992 [http-nio-8088-exec-66] INFO  c.c.c.Interceptor.MyInterceptor - 整个请求都处理完咯，DispatcherServlet也渲染了对应的视图咯，此时我可以做一些清理的工作了
22:32:41.992 [http-nio-8088-exec-66] INFO  c.c.l.MyServletRequestListener - request end
22:32:41.992 [http-nio-8088-exec-66] INFO  c.c.l.MyServletRequestListener - request域中保存的name值为：测试自定义事件监听器
22:32:43.127 [org.springframework.jms.JmsListenerEndpointContainer#0-1] ERROR o.s.j.l.DefaultMessageListenerContainer - Could not refresh JMS Connection for destination 'activemq.queue' - retrying using FixedBackOff{interval=5000, currentAttempts=196, maxAttempts=unlimited}. Cause: Could not connect to broker URL: tcp://localhost:61616. Reason: java.net.ConnectException: Connection refused
22:32:44.518 [http-nio-8088-exec-67] INFO  c.c.l.MyServletRequestListener - session id为：07758AF621D07D0E7C9C2BE2D241DCF2
22:32:44.518 [http-nio-8088-exec-67] INFO  c.c.l.MyServletRequestListener - request url为：http://127.0.0.1:8088/v1/basicInformation/updateBasicInformation
22:32:44.521 [http-nio-8088-exec-67] INFO  c.c.l.MyServletRequestListener - request end
22:32:44.522 [http-nio-8088-exec-67] INFO  c.c.l.MyServletRequestListener - request域中保存的name值为：测试自定义事件监听器
22:32:44.525 [http-nio-8088-exec-68] INFO  c.c.l.MyServletRequestListener - session id为：null
22:32:44.525 [http-nio-8088-exec-68] INFO  c.c.l.MyServletRequestListener - request url为：http://127.0.0.1:8088/login
22:32:44.529 [http-nio-8088-exec-68] INFO  c.c.c.Interceptor.MyInterceptor - 执行完方法之后进执行(Controller方法调用之后)，但是此时还没进行视图渲染
22:32:44.529 [http-nio-8088-exec-68] INFO  c.c.c.Interceptor.MyInterceptor - 整个请求都处理完咯，DispatcherServlet也渲染了对应的视图咯，此时我可以做一些清理的工作了
22:32:44.530 [http-nio-8088-exec-68] INFO  c.c.l.MyServletRequestListener - request end
22:32:44.530 [http-nio-8088-exec-68] INFO  c.c.l.MyServletRequestListener - request域中保存的name值为：测试自定义事件监听器
22:32:45.532 [HikariPool-13 housekeeper] WARN  com.zaxxer.hikari.pool.HikariPool - HikariPool-13 - Thread starvation or clock leap detected (housekeeper delta=20m1s781ms).
22:32:48.133 [org.springframework.jms.JmsListenerEndpointContainer#0-1] ERROR o.s.j.l.DefaultMessageListenerContainer - Could not refresh JMS Connection for destination 'activemq.queue' - retrying using FixedBackOff{interval=5000, currentAttempts=197, maxAttempts=unlimited}. Cause: Could not connect to broker URL: tcp://localhost:61616. Reason: java.net.ConnectException: Connection refused
22:32:52.572 [Apollo-RemoteConfigLongPollService-1] WARN  c.c.f.a.i.RemoteConfigLongPollService - Long polling failed, will retry in 120 seconds. appId: platform, cluster: default, namespaces: application+message+sensitive-config, long polling url: null, reason: Get config services failed from http://meta.apollo.xxx.cn/services/config?appId=platform&ip=192.168.31.81 [Cause: Could not complete get operation [Cause: meta.apollo.xxx.cn]]
22:32:53.137 [org.springframework.jms.JmsListenerEndpointContainer#0-1] ERROR o.s.j.l.DefaultMessageListenerContainer - Could not refresh JMS Connection for destination 'activemq.queue' - retrying using FixedBackOff{interval=5000, currentAttempts=198, maxAttempts=unlimited}. Cause: Could not connect to broker URL: tcp://localhost:61616. Reason: java.net.ConnectException: Connection refused
22:32:58.139 [org.springframework.jms.JmsListenerEndpointContainer#0-1] ERROR o.s.j.l.DefaultMessageListenerContainer - Could not refresh JMS Connection for destination 'activemq.queue' - retrying using FixedBackOff{interval=5000, currentAttempts=199, maxAttempts=unlimited}. Cause: Could not connect to broker URL: tcp://localhost:61616. Reason: java.net.ConnectException: Connection refused
22:33:03.143 [org.springframework.jms.JmsListenerEndpointContainer#0-1] ERROR o.s.j.l.DefaultMessageListenerContainer - Could not refresh JMS Connection for destination 'activemq.queue' - retrying using FixedBackOff{interval=5000, currentAttempts=200, maxAttempts=unlimited}. Cause: Could not connect to broker URL: tcp://localhost:61616. Reason: java.net.ConnectException: Connection refused
22:33:08.146 [org.springframework.jms.JmsListenerEndpointContainer#0-1] ERROR o.s.j.l.DefaultMessageListenerContainer - Could not refresh JMS Connection for destination 'activemq.queue' - retrying using FixedBackOff{interval=5000, currentAttempts=201, maxAttempts=unlimited}. Cause: Could not connect to broker URL: tcp://localhost:61616. Reason: java.net.ConnectException: Connection refused
22:33:12.950 [Thread-237] INFO  o.a.coyote.http11.Http11NioProtocol - Pausing ProtocolHandler ["http-nio-8088"]
22:33:12.951 [Thread-237] INFO  o.a.catalina.core.StandardService - Stopping service [Tomcat]
22:33:12.953 [Thread-237] INFO  o.a.c.c.C.[Tomcat].[localhost].[/] - Destroying Spring FrameworkServlet 'dispatcherServlet'
22:33:12.965 [Thread-237] WARN  o.a.c.loader.WebappClassLoaderBase - The web application [ROOT] appears to have started a thread named [HikariPool-13 housekeeper] but has failed to stop it. This is very likely to create a memory leak. Stack trace of thread:
 java.base@17.0.1/jdk.internal.misc.Unsafe.park(Native Method)
 java.base@17.0.1/java.util.concurrent.locks.LockSupport.parkNanos(LockSupport.java:252)
 java.base@17.0.1/java.util.concurrent.locks.AbstractQueuedSynchronizer$ConditionObject.awaitNanos(AbstractQueuedSynchronizer.java:1672)
 java.base@17.0.1/java.util.concurrent.ScheduledThreadPoolExecutor$DelayedWorkQueue.take(ScheduledThreadPoolExecutor.java:1182)
 java.base@17.0.1/java.util.concurrent.ScheduledThreadPoolExecutor$DelayedWorkQueue.take(ScheduledThreadPoolExecutor.java:899)
 java.base@17.0.1/java.util.concurrent.ThreadPoolExecutor.getTask(ThreadPoolExecutor.java:1062)
 java.base@17.0.1/java.util.concurrent.ThreadPoolExecutor.runWorker(ThreadPoolExecutor.java:1122)
 java.base@17.0.1/java.util.concurrent.ThreadPoolExecutor$Worker.run(ThreadPoolExecutor.java:635)
 java.base@17.0.1/java.lang.Thread.run(Thread.java:833)
22:33:12.966 [Thread-237] INFO  o.a.coyote.http11.Http11NioProtocol - Stopping ProtocolHandler ["http-nio-8088"]
22:33:12.996 [Thread-237] INFO  o.a.coyote.http11.Http11NioProtocol - Destroying ProtocolHandler ["http-nio-8088"]
22:33:13.011 [Thread-237] INFO  com.zaxxer.hikari.HikariDataSource - HikariPool-13 - Shutdown initiated...
22:33:13.055 [Thread-237] INFO  com.zaxxer.hikari.HikariDataSource - HikariPool-13 - Shutdown completed.
22:33:14.257 [restartedMain] INFO  com.cows.Application - Starting Application using Java 17.0.1 with PID 46336 (/Users/liyinchi/workspace/java/company_official_website_server/target/classes started by liyinchi in /Users/liyinchi/workspace/java/company_official_website_server)
22:33:14.258 [restartedMain] INFO  com.cows.Application - The following 1 profile is active: "dev"
22:33:15.098 [restartedMain] INFO  o.a.coyote.http11.Http11NioProtocol - Initializing ProtocolHandler ["http-nio-8088"]
22:33:15.099 [restartedMain] INFO  o.a.catalina.core.StandardService - Starting service [Tomcat]
22:33:15.099 [restartedMain] INFO  o.a.catalina.core.StandardEngine - Starting Servlet engine: [Apache Tomcat/10.1.12]
22:33:15.138 [restartedMain] INFO  o.a.c.c.C.[Tomcat].[localhost].[/] - Initializing Spring embedded WebApplicationContext
22:33:15.290 [restartedMain] ERROR c.b.m.core.MybatisConfiguration - mapper[com.cows.mapper.AdminMapper.findAdminByUserName] is ignored, because it exists, maybe from xml file
22:33:15.749 [restartedMain] INFO  c.c.f.a.s.a.SpringValueProcessor - Monitoring key: microservice.url.orderUrl, beanName: jsonController, field: com.cows.controller.common.JsonController.orderUrl
22:33:15.821 [restartedMain] INFO  c.c.f.a.s.a.SpringValueProcessor - Monitoring key: wechat.appid, beanName: wechatService, field: com.cows.service.WechatService.appId
22:33:15.822 [restartedMain] INFO  c.c.f.a.s.a.SpringValueProcessor - Monitoring key: wechat.secret, beanName: wechatService, field: com.cows.service.WechatService.secret
22:33:15.822 [restartedMain] INFO  c.c.f.a.s.a.SpringValueProcessor - Monitoring key: wechat.redirect.uri, beanName: wechatService, field: com.cows.service.WechatService.redirectUri
22:33:15.836 [restartedMain] INFO  c.c.f.a.s.a.SpringValueProcessor - Monitoring key: wechat.appid, beanName: loginController, field: com.cows.controller.common.LoginController.appid
22:33:15.836 [restartedMain] INFO  c.c.f.a.s.a.SpringValueProcessor - Monitoring key: wechat.redirect.uri, beanName: loginController, field: com.cows.controller.common.LoginController.redirectUri
22:33:16.088 [restartedMain] INFO  com.cows.service.RedisService - redis port: 6379
22:33:16.968 [restartedMain] INFO  c.c.f.a.s.a.SpringValueProcessor - Monitoring key: spring.mvc.servlet.path, beanName: swaggerWelcome, field: org.springdoc.webmvc.ui.SwaggerWelcomeWebMvc.mvcServletPath
22:33:17.786 [restartedMain] INFO  o.a.coyote.http11.Http11NioProtocol - Starting ProtocolHandler ["http-nio-8088"]
22:33:17.797 [restartedMain] INFO  com.cows.Application - Started Application in 3.577 seconds (process running for 78812.693)
22:33:22.800 [org.springframework.jms.JmsListenerEndpointContainer#0-1] ERROR o.s.j.l.DefaultMessageListenerContainer - Could not refresh JMS Connection for destination 'activemq.queue' - retrying using FixedBackOff{interval=5000, currentAttempts=0, maxAttempts=unlimited}. Cause: Could not connect to broker URL: tcp://localhost:61616. Reason: java.net.ConnectException: Connection refused
22:33:27.804 [org.springframework.jms.JmsListenerEndpointContainer#0-1] ERROR o.s.j.l.DefaultMessageListenerContainer - Could not refresh JMS Connection for destination 'activemq.queue' - retrying using FixedBackOff{interval=5000, currentAttempts=1, maxAttempts=unlimited}. Cause: Could not connect to broker URL: tcp://localhost:61616. Reason: java.net.ConnectException: Connection refused
22:33:32.809 [org.springframework.jms.JmsListenerEndpointContainer#0-1] ERROR o.s.j.l.DefaultMessageListenerContainer - Could not refresh JMS Connection for destination 'activemq.queue' - retrying using FixedBackOff{interval=5000, currentAttempts=2, maxAttempts=unlimited}. Cause: Could not connect to broker URL: tcp://localhost:61616. Reason: java.net.ConnectException: Connection refused
22:33:37.815 [org.springframework.jms.JmsListenerEndpointContainer#0-1] ERROR o.s.j.l.DefaultMessageListenerContainer - Could not refresh JMS Connection for destination 'activemq.queue' - retrying using FixedBackOff{interval=5000, currentAttempts=3, maxAttempts=unlimited}. Cause: Could not connect to broker URL: tcp://localhost:61616. Reason: java.net.ConnectException: Connection refused
22:33:42.819 [org.springframework.jms.JmsListenerEndpointContainer#0-1] ERROR o.s.j.l.DefaultMessageListenerContainer - Could not refresh JMS Connection for destination 'activemq.queue' - retrying using FixedBackOff{interval=5000, currentAttempts=4, maxAttempts=unlimited}. Cause: Could not connect to broker URL: tcp://localhost:61616. Reason: java.net.ConnectException: Connection refused
22:33:47.823 [org.springframework.jms.JmsListenerEndpointContainer#0-1] ERROR o.s.j.l.DefaultMessageListenerContainer - Could not refresh JMS Connection for destination 'activemq.queue' - retrying using FixedBackOff{interval=5000, currentAttempts=5, maxAttempts=unlimited}. Cause: Could not connect to broker URL: tcp://localhost:61616. Reason: java.net.ConnectException: Connection refused
22:33:52.828 [org.springframework.jms.JmsListenerEndpointContainer#0-1] ERROR o.s.j.l.DefaultMessageListenerContainer - Could not refresh JMS Connection for destination 'activemq.queue' - retrying using FixedBackOff{interval=5000, currentAttempts=6, maxAttempts=unlimited}. Cause: Could not connect to broker URL: tcp://localhost:61616. Reason: java.net.ConnectException: Connection refused
22:33:57.834 [org.springframework.jms.JmsListenerEndpointContainer#0-1] ERROR o.s.j.l.DefaultMessageListenerContainer - Could not refresh JMS Connection for destination 'activemq.queue' - retrying using FixedBackOff{interval=5000, currentAttempts=7, maxAttempts=unlimited}. Cause: Could not connect to broker URL: tcp://localhost:61616. Reason: java.net.ConnectException: Connection refused
22:34:02.836 [org.springframework.jms.JmsListenerEndpointContainer#0-1] ERROR o.s.j.l.DefaultMessageListenerContainer - Could not refresh JMS Connection for destination 'activemq.queue' - retrying using FixedBackOff{interval=5000, currentAttempts=8, maxAttempts=unlimited}. Cause: Could not connect to broker URL: tcp://localhost:61616. Reason: java.net.ConnectException: Connection refused
22:34:07.862 [org.springframework.jms.JmsListenerEndpointContainer#0-1] ERROR o.s.j.l.DefaultMessageListenerContainer - Could not refresh JMS Connection for destination 'activemq.queue' - retrying using FixedBackOff{interval=5000, currentAttempts=9, maxAttempts=unlimited}. Cause: Could not connect to broker URL: tcp://localhost:61616. Reason: java.net.ConnectException: Connection refused
22:34:12.868 [org.springframework.jms.JmsListenerEndpointContainer#0-1] ERROR o.s.j.l.DefaultMessageListenerContainer - Could not refresh JMS Connection for destination 'activemq.queue' - retrying using FixedBackOff{interval=5000, currentAttempts=10, maxAttempts=unlimited}. Cause: Could not connect to broker URL: tcp://localhost:61616. Reason: java.net.ConnectException: Connection refused
22:34:17.873 [org.springframework.jms.JmsListenerEndpointContainer#0-1] ERROR o.s.j.l.DefaultMessageListenerContainer - Could not refresh JMS Connection for destination 'activemq.queue' - retrying using FixedBackOff{interval=5000, currentAttempts=11, maxAttempts=unlimited}. Cause: Could not connect to broker URL: tcp://localhost:61616. Reason: java.net.ConnectException: Connection refused
22:34:22.875 [org.springframework.jms.JmsListenerEndpointContainer#0-1] ERROR o.s.j.l.DefaultMessageListenerContainer - Could not refresh JMS Connection for destination 'activemq.queue' - retrying using FixedBackOff{interval=5000, currentAttempts=12, maxAttempts=unlimited}. Cause: Could not connect to broker URL: tcp://localhost:61616. Reason: java.net.ConnectException: Connection refused
22:34:27.876 [org.springframework.jms.JmsListenerEndpointContainer#0-1] ERROR o.s.j.l.DefaultMessageListenerContainer - Could not refresh JMS Connection for destination 'activemq.queue' - retrying using FixedBackOff{interval=5000, currentAttempts=13, maxAttempts=unlimited}. Cause: Could not connect to broker URL: tcp://localhost:61616. Reason: java.net.ConnectException: Connection refused
22:34:32.879 [org.springframework.jms.JmsListenerEndpointContainer#0-1] ERROR o.s.j.l.DefaultMessageListenerContainer - Could not refresh JMS Connection for destination 'activemq.queue' - retrying using FixedBackOff{interval=5000, currentAttempts=14, maxAttempts=unlimited}. Cause: Could not connect to broker URL: tcp://localhost:61616. Reason: java.net.ConnectException: Connection refused
22:34:37.883 [org.springframework.jms.JmsListenerEndpointContainer#0-1] ERROR o.s.j.l.DefaultMessageListenerContainer - Could not refresh JMS Connection for destination 'activemq.queue' - retrying using FixedBackOff{interval=5000, currentAttempts=15, maxAttempts=unlimited}. Cause: Could not connect to broker URL: tcp://localhost:61616. Reason: java.net.ConnectException: Connection refused
22:34:42.886 [org.springframework.jms.JmsListenerEndpointContainer#0-1] ERROR o.s.j.l.DefaultMessageListenerContainer - Could not refresh JMS Connection for destination 'activemq.queue' - retrying using FixedBackOff{interval=5000, currentAttempts=16, maxAttempts=unlimited}. Cause: Could not connect to broker URL: tcp://localhost:61616. Reason: java.net.ConnectException: Connection refused
22:34:47.936 [org.springframework.jms.JmsListenerEndpointContainer#0-1] ERROR o.s.j.l.DefaultMessageListenerContainer - Could not refresh JMS Connection for destination 'activemq.queue' - retrying using FixedBackOff{interval=5000, currentAttempts=17, maxAttempts=unlimited}. Cause: Could not connect to broker URL: tcp://localhost:61616. Reason: java.net.ConnectException: Connection refused
22:34:52.640 [Apollo-RemoteConfigRepository-1] WARN  c.c.f.a.i.AbstractConfigRepository - Sync config failed, will retry. Repository class com.ctrip.framework.apollo.internals.RemoteConfigRepository, reason: Get config services failed from http://meta.apollo.xxx.cn/services/config?appId=platform&ip=192.168.31.81 [Cause: Could not complete get operation [Cause: meta.apollo.xxx.cn]]
22:34:52.940 [org.springframework.jms.JmsListenerEndpointContainer#0-1] ERROR o.s.j.l.DefaultMessageListenerContainer - Could not refresh JMS Connection for destination 'activemq.queue' - retrying using FixedBackOff{interval=5000, currentAttempts=18, maxAttempts=unlimited}. Cause: Could not connect to broker URL: tcp://localhost:61616. Reason: java.net.ConnectException: Connection refused
22:34:54.641 [Apollo-RemoteConfigLongPollService-1] WARN  c.c.f.a.i.RemoteConfigLongPollService - Long polling failed, will retry in 120 seconds. appId: platform, cluster: default, namespaces: application+message+sensitive-config, long polling url: null, reason: Get config services failed from http://meta.apollo.xxx.cn/services/config?appId=platform&ip=192.168.31.81 [Cause: Could not complete get operation [Cause: meta.apollo.xxx.cn]]
22:34:57.946 [org.springframework.jms.JmsListenerEndpointContainer#0-1] ERROR o.s.j.l.DefaultMessageListenerContainer - Could not refresh JMS Connection for destination 'activemq.queue' - retrying using FixedBackOff{interval=5000, currentAttempts=19, maxAttempts=unlimited}. Cause: Could not connect to broker URL: tcp://localhost:61616. Reason: java.net.ConnectException: Connection refused
22:35:02.693 [Apollo-RemoteConfigRepository-1] WARN  c.c.f.a.i.AbstractConfigRepository - Sync config failed, will retry. Repository class com.ctrip.framework.apollo.internals.RemoteConfigRepository, reason: Get config services failed from http://meta.apollo.xxx.cn/services/config?appId=platform&ip=192.168.31.81 [Cause: Could not complete get operation [Cause: meta.apollo.xxx.cn]]
22:35:02.950 [org.springframework.jms.JmsListenerEndpointContainer#0-1] ERROR o.s.j.l.DefaultMessageListenerContainer - Could not refresh JMS Connection for destination 'activemq.queue' - retrying using FixedBackOff{interval=5000, currentAttempts=20, maxAttempts=unlimited}. Cause: Could not connect to broker URL: tcp://localhost:61616. Reason: java.net.ConnectException: Connection refused
22:35:07.954 [org.springframework.jms.JmsListenerEndpointContainer#0-1] ERROR o.s.j.l.DefaultMessageListenerContainer - Could not refresh JMS Connection for destination 'activemq.queue' - retrying using FixedBackOff{interval=5000, currentAttempts=21, maxAttempts=unlimited}. Cause: Could not connect to broker URL: tcp://localhost:61616. Reason: java.net.ConnectException: Connection refused
22:35:12.729 [Apollo-RemoteConfigRepository-1] WARN  c.c.f.a.i.AbstractConfigRepository - Sync config failed, will retry. Repository class com.ctrip.framework.apollo.internals.RemoteConfigRepository, reason: Get config services failed from http://meta.apollo.xxx.cn/services/config?appId=platform&ip=192.168.31.81 [Cause: Could not complete get operation [Cause: meta.apollo.xxx.cn]]
22:35:12.959 [org.springframework.jms.JmsListenerEndpointContainer#0-1] ERROR o.s.j.l.DefaultMessageListenerContainer - Could not refresh JMS Connection for destination 'activemq.queue' - retrying using FixedBackOff{interval=5000, currentAttempts=22, maxAttempts=unlimited}. Cause: Could not connect to broker URL: tcp://localhost:61616. Reason: java.net.ConnectException: Connection refused
22:35:17.962 [org.springframework.jms.JmsListenerEndpointContainer#0-1] ERROR o.s.j.l.DefaultMessageListenerContainer - Could not refresh JMS Connection for destination 'activemq.queue' - retrying using FixedBackOff{interval=5000, currentAttempts=23, maxAttempts=unlimited}. Cause: Could not connect to broker URL: tcp://localhost:61616. Reason: java.net.ConnectException: Connection refused
22:35:22.967 [org.springframework.jms.JmsListenerEndpointContainer#0-1] ERROR o.s.j.l.DefaultMessageListenerContainer - Could not refresh JMS Connection for destination 'activemq.queue' - retrying using FixedBackOff{interval=5000, currentAttempts=24, maxAttempts=unlimited}. Cause: Could not connect to broker URL: tcp://localhost:61616. Reason: java.net.ConnectException: Connection refused
22:35:27.971 [org.springframework.jms.JmsListenerEndpointContainer#0-1] ERROR o.s.j.l.DefaultMessageListenerContainer - Could not refresh JMS Connection for destination 'activemq.queue' - retrying using FixedBackOff{interval=5000, currentAttempts=25, maxAttempts=unlimited}. Cause: Could not connect to broker URL: tcp://localhost:61616. Reason: java.net.ConnectException: Connection refused
22:35:32.978 [org.springframework.jms.JmsListenerEndpointContainer#0-1] ERROR o.s.j.l.DefaultMessageListenerContainer - Could not refresh JMS Connection for destination 'activemq.queue' - retrying using FixedBackOff{interval=5000, currentAttempts=26, maxAttempts=unlimited}. Cause: Could not connect to broker URL: tcp://localhost:61616. Reason: java.net.ConnectException: Connection refused
22:35:37.984 [org.springframework.jms.JmsListenerEndpointContainer#0-1] ERROR o.s.j.l.DefaultMessageListenerContainer - Could not refresh JMS Connection for destination 'activemq.queue' - retrying using FixedBackOff{interval=5000, currentAttempts=27, maxAttempts=unlimited}. Cause: Could not connect to broker URL: tcp://localhost:61616. Reason: java.net.ConnectException: Connection refused
22:35:42.990 [org.springframework.jms.JmsListenerEndpointContainer#0-1] ERROR o.s.j.l.DefaultMessageListenerContainer - Could not refresh JMS Connection for destination 'activemq.queue' - retrying using FixedBackOff{interval=5000, currentAttempts=28, maxAttempts=unlimited}. Cause: Could not connect to broker URL: tcp://localhost:61616. Reason: java.net.ConnectException: Connection refused
22:35:47.992 [org.springframework.jms.JmsListenerEndpointContainer#0-1] ERROR o.s.j.l.DefaultMessageListenerContainer - Could not refresh JMS Connection for destination 'activemq.queue' - retrying using FixedBackOff{interval=5000, currentAttempts=29, maxAttempts=unlimited}. Cause: Could not connect to broker URL: tcp://localhost:61616. Reason: java.net.ConnectException: Connection refused
22:35:52.997 [org.springframework.jms.JmsListenerEndpointContainer#0-1] ERROR o.s.j.l.DefaultMessageListenerContainer - Could not refresh JMS Connection for destination 'activemq.queue' - retrying using FixedBackOff{interval=5000, currentAttempts=30, maxAttempts=unlimited}. Cause: Could not connect to broker URL: tcp://localhost:61616. Reason: java.net.ConnectException: Connection refused
22:35:58.002 [org.springframework.jms.JmsListenerEndpointContainer#0-1] ERROR o.s.j.l.DefaultMessageListenerContainer - Could not refresh JMS Connection for destination 'activemq.queue' - retrying using FixedBackOff{interval=5000, currentAttempts=31, maxAttempts=unlimited}. Cause: Could not connect to broker URL: tcp://localhost:61616. Reason: java.net.ConnectException: Connection refused
22:36:03.006 [org.springframework.jms.JmsListenerEndpointContainer#0-1] ERROR o.s.j.l.DefaultMessageListenerContainer - Could not refresh JMS Connection for destination 'activemq.queue' - retrying using FixedBackOff{interval=5000, currentAttempts=32, maxAttempts=unlimited}. Cause: Could not connect to broker URL: tcp://localhost:61616. Reason: java.net.ConnectException: Connection refused
22:36:08.012 [org.springframework.jms.JmsListenerEndpointContainer#0-1] ERROR o.s.j.l.DefaultMessageListenerContainer - Could not refresh JMS Connection for destination 'activemq.queue' - retrying using FixedBackOff{interval=5000, currentAttempts=33, maxAttempts=unlimited}. Cause: Could not connect to broker URL: tcp://localhost:61616. Reason: java.net.ConnectException: Connection refused
22:36:13.018 [org.springframework.jms.JmsListenerEndpointContainer#0-1] ERROR o.s.j.l.DefaultMessageListenerContainer - Could not refresh JMS Connection for destination 'activemq.queue' - retrying using FixedBackOff{interval=5000, currentAttempts=34, maxAttempts=unlimited}. Cause: Could not connect to broker URL: tcp://localhost:61616. Reason: java.net.ConnectException: Connection refused
22:36:18.024 [org.springframework.jms.JmsListenerEndpointContainer#0-1] ERROR o.s.j.l.DefaultMessageListenerContainer - Could not refresh JMS Connection for destination 'activemq.queue' - retrying using FixedBackOff{interval=5000, currentAttempts=35, maxAttempts=unlimited}. Cause: Could not connect to broker URL: tcp://localhost:61616. Reason: java.net.ConnectException: Connection refused
22:36:23.025 [org.springframework.jms.JmsListenerEndpointContainer#0-1] ERROR o.s.j.l.DefaultMessageListenerContainer - Could not refresh JMS Connection for destination 'activemq.queue' - retrying using FixedBackOff{interval=5000, currentAttempts=36, maxAttempts=unlimited}. Cause: Could not connect to broker URL: tcp://localhost:61616. Reason: java.net.ConnectException: Connection refused
22:36:28.027 [org.springframework.jms.JmsListenerEndpointContainer#0-1] ERROR o.s.j.l.DefaultMessageListenerContainer - Could not refresh JMS Connection for destination 'activemq.queue' - retrying using FixedBackOff{interval=5000, currentAttempts=37, maxAttempts=unlimited}. Cause: Could not connect to broker URL: tcp://localhost:61616. Reason: java.net.ConnectException: Connection refused
22:36:33.034 [org.springframework.jms.JmsListenerEndpointContainer#0-1] ERROR o.s.j.l.DefaultMessageListenerContainer - Could not refresh JMS Connection for destination 'activemq.queue' - retrying using FixedBackOff{interval=5000, currentAttempts=38, maxAttempts=unlimited}. Cause: Could not connect to broker URL: tcp://localhost:61616. Reason: java.net.ConnectException: Connection refused
22:36:38.042 [org.springframework.jms.JmsListenerEndpointContainer#0-1] ERROR o.s.j.l.DefaultMessageListenerContainer - Could not refresh JMS Connection for destination 'activemq.queue' - retrying using FixedBackOff{interval=5000, currentAttempts=39, maxAttempts=unlimited}. Cause: Could not connect to broker URL: tcp://localhost:61616. Reason: java.net.ConnectException: Connection refused
22:36:43.044 [org.springframework.jms.JmsListenerEndpointContainer#0-1] ERROR o.s.j.l.DefaultMessageListenerContainer - Could not refresh JMS Connection for destination 'activemq.queue' - retrying using FixedBackOff{interval=5000, currentAttempts=40, maxAttempts=unlimited}. Cause: Could not connect to broker URL: tcp://localhost:61616. Reason: java.net.ConnectException: Connection refused
22:36:48.049 [org.springframework.jms.JmsListenerEndpointContainer#0-1] ERROR o.s.j.l.DefaultMessageListenerContainer - Could not refresh JMS Connection for destination 'activemq.queue' - retrying using FixedBackOff{interval=5000, currentAttempts=41, maxAttempts=unlimited}. Cause: Could not connect to broker URL: tcp://localhost:61616. Reason: java.net.ConnectException: Connection refused
22:36:53.053 [org.springframework.jms.JmsListenerEndpointContainer#0-1] ERROR o.s.j.l.DefaultMessageListenerContainer - Could not refresh JMS Connection for destination 'activemq.queue' - retrying using FixedBackOff{interval=5000, currentAttempts=42, maxAttempts=unlimited}. Cause: Could not connect to broker URL: tcp://localhost:61616. Reason: java.net.ConnectException: Connection refused
22:36:56.658 [Apollo-RemoteConfigLongPollService-1] WARN  c.c.f.a.i.RemoteConfigLongPollService - Long polling failed, will retry in 120 seconds. appId: platform, cluster: default, namespaces: application+message+sensitive-config, long polling url: null, reason: Get config services failed from http://meta.apollo.xxx.cn/services/config?appId=platform&ip=192.168.31.81 [Cause: Could not complete get operation [Cause: meta.apollo.xxx.cn]]
22:36:58.058 [org.springframework.jms.JmsListenerEndpointContainer#0-1] ERROR o.s.j.l.DefaultMessageListenerContainer - Could not refresh JMS Connection for destination 'activemq.queue' - retrying using FixedBackOff{interval=5000, currentAttempts=43, maxAttempts=unlimited}. Cause: Could not connect to broker URL: tcp://localhost:61616. Reason: java.net.ConnectException: Connection refused
22:37:03.062 [org.springframework.jms.JmsListenerEndpointContainer#0-1] ERROR o.s.j.l.DefaultMessageListenerContainer - Could not refresh JMS Connection for destination 'activemq.queue' - retrying using FixedBackOff{interval=5000, currentAttempts=44, maxAttempts=unlimited}. Cause: Could not connect to broker URL: tcp://localhost:61616. Reason: java.net.ConnectException: Connection refused
22:37:08.069 [org.springframework.jms.JmsListenerEndpointContainer#0-1] ERROR o.s.j.l.DefaultMessageListenerContainer - Could not refresh JMS Connection for destination 'activemq.queue' - retrying using FixedBackOff{interval=5000, currentAttempts=45, maxAttempts=unlimited}. Cause: Could not connect to broker URL: tcp://localhost:61616. Reason: java.net.ConnectException: Connection refused
22:37:13.074 [org.springframework.jms.JmsListenerEndpointContainer#0-1] ERROR o.s.j.l.DefaultMessageListenerContainer - Could not refresh JMS Connection for destination 'activemq.queue' - retrying using FixedBackOff{interval=5000, currentAttempts=46, maxAttempts=unlimited}. Cause: Could not connect to broker URL: tcp://localhost:61616. Reason: java.net.ConnectException: Connection refused
22:37:18.079 [org.springframework.jms.JmsListenerEndpointContainer#0-1] ERROR o.s.j.l.DefaultMessageListenerContainer - Could not refresh JMS Connection for destination 'activemq.queue' - retrying using FixedBackOff{interval=5000, currentAttempts=47, maxAttempts=unlimited}. Cause: Could not connect to broker URL: tcp://localhost:61616. Reason: java.net.ConnectException: Connection refused
22:37:23.080 [org.springframework.jms.JmsListenerEndpointContainer#0-1] ERROR o.s.j.l.DefaultMessageListenerContainer - Could not refresh JMS Connection for destination 'activemq.queue' - retrying using FixedBackOff{interval=5000, currentAttempts=48, maxAttempts=unlimited}. Cause: Could not connect to broker URL: tcp://localhost:61616. Reason: java.net.ConnectException: Connection refused
22:37:28.085 [org.springframework.jms.JmsListenerEndpointContainer#0-1] ERROR o.s.j.l.DefaultMessageListenerContainer - Could not refresh JMS Connection for destination 'activemq.queue' - retrying using FixedBackOff{interval=5000, currentAttempts=49, maxAttempts=unlimited}. Cause: Could not connect to broker URL: tcp://localhost:61616. Reason: java.net.ConnectException: Connection refused
22:37:33.088 [org.springframework.jms.JmsListenerEndpointContainer#0-1] ERROR o.s.j.l.DefaultMessageListenerContainer - Could not refresh JMS Connection for destination 'activemq.queue' - retrying using FixedBackOff{interval=5000, currentAttempts=50, maxAttempts=unlimited}. Cause: Could not connect to broker URL: tcp://localhost:61616. Reason: java.net.ConnectException: Connection refused
22:37:38.097 [org.springframework.jms.JmsListenerEndpointContainer#0-1] ERROR o.s.j.l.DefaultMessageListenerContainer - Could not refresh JMS Connection for destination 'activemq.queue' - retrying using FixedBackOff{interval=5000, currentAttempts=51, maxAttempts=unlimited}. Cause: Could not connect to broker URL: tcp://localhost:61616. Reason: java.net.ConnectException: Connection refused
22:37:43.102 [org.springframework.jms.JmsListenerEndpointContainer#0-1] ERROR o.s.j.l.DefaultMessageListenerContainer - Could not refresh JMS Connection for destination 'activemq.queue' - retrying using FixedBackOff{interval=5000, currentAttempts=52, maxAttempts=unlimited}. Cause: Could not connect to broker URL: tcp://localhost:61616. Reason: java.net.ConnectException: Connection refused
22:37:48.104 [org.springframework.jms.JmsListenerEndpointContainer#0-1] ERROR o.s.j.l.DefaultMessageListenerContainer - Could not refresh JMS Connection for destination 'activemq.queue' - retrying using FixedBackOff{interval=5000, currentAttempts=53, maxAttempts=unlimited}. Cause: Could not connect to broker URL: tcp://localhost:61616. Reason: java.net.ConnectException: Connection refused
22:37:53.110 [org.springframework.jms.JmsListenerEndpointContainer#0-1] ERROR o.s.j.l.DefaultMessageListenerContainer - Could not refresh JMS Connection for destination 'activemq.queue' - retrying using FixedBackOff{interval=5000, currentAttempts=54, maxAttempts=unlimited}. Cause: Could not connect to broker URL: tcp://localhost:61616. Reason: java.net.ConnectException: Connection refused
22:37:58.114 [org.springframework.jms.JmsListenerEndpointContainer#0-1] ERROR o.s.j.l.DefaultMessageListenerContainer - Could not refresh JMS Connection for destination 'activemq.queue' - retrying using FixedBackOff{interval=5000, currentAttempts=55, maxAttempts=unlimited}. Cause: Could not connect to broker URL: tcp://localhost:61616. Reason: java.net.ConnectException: Connection refused
22:38:03.117 [org.springframework.jms.JmsListenerEndpointContainer#0-1] ERROR o.s.j.l.DefaultMessageListenerContainer - Could not refresh JMS Connection for destination 'activemq.queue' - retrying using FixedBackOff{interval=5000, currentAttempts=56, maxAttempts=unlimited}. Cause: Could not connect to broker URL: tcp://localhost:61616. Reason: java.net.ConnectException: Connection refused
22:38:08.123 [org.springframework.jms.JmsListenerEndpointContainer#0-1] ERROR o.s.j.l.DefaultMessageListenerContainer - Could not refresh JMS Connection for destination 'activemq.queue' - retrying using FixedBackOff{interval=5000, currentAttempts=57, maxAttempts=unlimited}. Cause: Could not connect to broker URL: tcp://localhost:61616. Reason: java.net.ConnectException: Connection refused
22:38:13.126 [org.springframework.jms.JmsListenerEndpointContainer#0-1] ERROR o.s.j.l.DefaultMessageListenerContainer - Could not refresh JMS Connection for destination 'activemq.queue' - retrying using FixedBackOff{interval=5000, currentAttempts=58, maxAttempts=unlimited}. Cause: Could not connect to broker URL: tcp://localhost:61616. Reason: java.net.ConnectException: Connection refused
22:38:18.129 [org.springframework.jms.JmsListenerEndpointContainer#0-1] ERROR o.s.j.l.DefaultMessageListenerContainer - Could not refresh JMS Connection for destination 'activemq.queue' - retrying using FixedBackOff{interval=5000, currentAttempts=59, maxAttempts=unlimited}. Cause: Could not connect to broker URL: tcp://localhost:61616. Reason: java.net.ConnectException: Connection refused
22:38:23.135 [org.springframework.jms.JmsListenerEndpointContainer#0-1] ERROR o.s.j.l.DefaultMessageListenerContainer - Could not refresh JMS Connection for destination 'activemq.queue' - retrying using FixedBackOff{interval=5000, currentAttempts=60, maxAttempts=unlimited}. Cause: Could not connect to broker URL: tcp://localhost:61616. Reason: java.net.ConnectException: Connection refused
22:38:28.140 [org.springframework.jms.JmsListenerEndpointContainer#0-1] ERROR o.s.j.l.DefaultMessageListenerContainer - Could not refresh JMS Connection for destination 'activemq.queue' - retrying using FixedBackOff{interval=5000, currentAttempts=61, maxAttempts=unlimited}. Cause: Could not connect to broker URL: tcp://localhost:61616. Reason: java.net.ConnectException: Connection refused
22:38:33.142 [org.springframework.jms.JmsListenerEndpointContainer#0-1] ERROR o.s.j.l.DefaultMessageListenerContainer - Could not refresh JMS Connection for destination 'activemq.queue' - retrying using FixedBackOff{interval=5000, currentAttempts=62, maxAttempts=unlimited}. Cause: Could not connect to broker URL: tcp://localhost:61616. Reason: java.net.ConnectException: Connection refused
22:38:38.143 [org.springframework.jms.JmsListenerEndpointContainer#0-1] ERROR o.s.j.l.DefaultMessageListenerContainer - Could not refresh JMS Connection for destination 'activemq.queue' - retrying using FixedBackOff{interval=5000, currentAttempts=63, maxAttempts=unlimited}. Cause: Could not connect to broker URL: tcp://localhost:61616. Reason: java.net.ConnectException: Connection refused
22:38:43.148 [org.springframework.jms.JmsListenerEndpointContainer#0-1] ERROR o.s.j.l.DefaultMessageListenerContainer - Could not refresh JMS Connection for destination 'activemq.queue' - retrying using FixedBackOff{interval=5000, currentAttempts=64, maxAttempts=unlimited}. Cause: Could not connect to broker URL: tcp://localhost:61616. Reason: java.net.ConnectException: Connection refused
22:38:48.149 [org.springframework.jms.JmsListenerEndpointContainer#0-1] ERROR o.s.j.l.DefaultMessageListenerContainer - Could not refresh JMS Connection for destination 'activemq.queue' - retrying using FixedBackOff{interval=5000, currentAttempts=65, maxAttempts=unlimited}. Cause: Could not connect to broker URL: tcp://localhost:61616. Reason: java.net.ConnectException: Connection refused
22:38:53.155 [org.springframework.jms.JmsListenerEndpointContainer#0-1] ERROR o.s.j.l.DefaultMessageListenerContainer - Could not refresh JMS Connection for destination 'activemq.queue' - retrying using FixedBackOff{interval=5000, currentAttempts=66, maxAttempts=unlimited}. Cause: Could not connect to broker URL: tcp://localhost:61616. Reason: java.net.ConnectException: Connection refused
22:38:58.159 [org.springframework.jms.JmsListenerEndpointContainer#0-1] ERROR o.s.j.l.DefaultMessageListenerContainer - Could not refresh JMS Connection for destination 'activemq.queue' - retrying using FixedBackOff{interval=5000, currentAttempts=67, maxAttempts=unlimited}. Cause: Could not connect to broker URL: tcp://localhost:61616. Reason: java.net.ConnectException: Connection refused
22:38:58.668 [Apollo-RemoteConfigLongPollService-1] WARN  c.c.f.a.i.RemoteConfigLongPollService - Long polling failed, will retry in 120 seconds. appId: platform, cluster: default, namespaces: application+message+sensitive-config, long polling url: null, reason: Get config services failed from http://meta.apollo.xxx.cn/services/config?appId=platform&ip=192.168.31.81 [Cause: Could not complete get operation [Cause: meta.apollo.xxx.cn]]
22:39:03.165 [org.springframework.jms.JmsListenerEndpointContainer#0-1] ERROR o.s.j.l.DefaultMessageListenerContainer - Could not refresh JMS Connection for destination 'activemq.queue' - retrying using FixedBackOff{interval=5000, currentAttempts=68, maxAttempts=unlimited}. Cause: Could not connect to broker URL: tcp://localhost:61616. Reason: java.net.ConnectException: Connection refused
22:39:08.172 [org.springframework.jms.JmsListenerEndpointContainer#0-1] ERROR o.s.j.l.DefaultMessageListenerContainer - Could not refresh JMS Connection for destination 'activemq.queue' - retrying using FixedBackOff{interval=5000, currentAttempts=69, maxAttempts=unlimited}. Cause: Could not connect to broker URL: tcp://localhost:61616. Reason: java.net.ConnectException: Connection refused
22:39:13.177 [org.springframework.jms.JmsListenerEndpointContainer#0-1] ERROR o.s.j.l.DefaultMessageListenerContainer - Could not refresh JMS Connection for destination 'activemq.queue' - retrying using FixedBackOff{interval=5000, currentAttempts=70, maxAttempts=unlimited}. Cause: Could not connect to broker URL: tcp://localhost:61616. Reason: java.net.ConnectException: Connection refused
22:39:18.184 [org.springframework.jms.JmsListenerEndpointContainer#0-1] ERROR o.s.j.l.DefaultMessageListenerContainer - Could not refresh JMS Connection for destination 'activemq.queue' - retrying using FixedBackOff{interval=5000, currentAttempts=71, maxAttempts=unlimited}. Cause: Could not connect to broker URL: tcp://localhost:61616. Reason: java.net.ConnectException: Connection refused
22:39:23.188 [org.springframework.jms.JmsListenerEndpointContainer#0-1] ERROR o.s.j.l.DefaultMessageListenerContainer - Could not refresh JMS Connection for destination 'activemq.queue' - retrying using FixedBackOff{interval=5000, currentAttempts=72, maxAttempts=unlimited}. Cause: Could not connect to broker URL: tcp://localhost:61616. Reason: java.net.ConnectException: Connection refused
22:39:28.194 [org.springframework.jms.JmsListenerEndpointContainer#0-1] ERROR o.s.j.l.DefaultMessageListenerContainer - Could not refresh JMS Connection for destination 'activemq.queue' - retrying using FixedBackOff{interval=5000, currentAttempts=73, maxAttempts=unlimited}. Cause: Could not connect to broker URL: tcp://localhost:61616. Reason: java.net.ConnectException: Connection refused
22:39:33.198 [org.springframework.jms.JmsListenerEndpointContainer#0-1] ERROR o.s.j.l.DefaultMessageListenerContainer - Could not refresh JMS Connection for destination 'activemq.queue' - retrying using FixedBackOff{interval=5000, currentAttempts=74, maxAttempts=unlimited}. Cause: Could not connect to broker URL: tcp://localhost:61616. Reason: java.net.ConnectException: Connection refused
22:39:38.200 [org.springframework.jms.JmsListenerEndpointContainer#0-1] ERROR o.s.j.l.DefaultMessageListenerContainer - Could not refresh JMS Connection for destination 'activemq.queue' - retrying using FixedBackOff{interval=5000, currentAttempts=75, maxAttempts=unlimited}. Cause: Could not connect to broker URL: tcp://localhost:61616. Reason: java.net.ConnectException: Connection refused
22:39:43.210 [org.springframework.jms.JmsListenerEndpointContainer#0-1] ERROR o.s.j.l.DefaultMessageListenerContainer - Could not refresh JMS Connection for destination 'activemq.queue' - retrying using FixedBackOff{interval=5000, currentAttempts=76, maxAttempts=unlimited}. Cause: Could not connect to broker URL: tcp://localhost:61616. Reason: java.net.ConnectException: Connection refused
22:39:48.221 [org.springframework.jms.JmsListenerEndpointContainer#0-1] ERROR o.s.j.l.DefaultMessageListenerContainer - Could not refresh JMS Connection for destination 'activemq.queue' - retrying using FixedBackOff{interval=5000, currentAttempts=77, maxAttempts=unlimited}. Cause: Could not connect to broker URL: tcp://localhost:61616. Reason: java.net.ConnectException: Connection refused
22:39:52.651 [Apollo-RemoteConfigRepository-1] WARN  c.c.f.a.i.AbstractConfigRepository - Sync config failed, will retry. Repository class com.ctrip.framework.apollo.internals.RemoteConfigRepository, reason: Get config services failed from http://meta.apollo.xxx.cn/services/config?appId=platform&ip=192.168.31.81 [Cause: Could not complete get operation [Cause: meta.apollo.xxx.cn]]
22:39:53.225 [org.springframework.jms.JmsListenerEndpointContainer#0-1] ERROR o.s.j.l.DefaultMessageListenerContainer - Could not refresh JMS Connection for destination 'activemq.queue' - retrying using FixedBackOff{interval=5000, currentAttempts=78, maxAttempts=unlimited}. Cause: Could not connect to broker URL: tcp://localhost:61616. Reason: java.net.ConnectException: Connection refused
22:55:21.740 [org.springframework.jms.JmsListenerEndpointContainer#0-1] ERROR o.s.j.l.DefaultMessageListenerContainer - Could not refresh JMS Connection for destination 'activemq.queue' - retrying using FixedBackOff{interval=5000, currentAttempts=79, maxAttempts=unlimited}. Cause: Could not connect to broker URL: tcp://localhost:61616. Reason: java.net.ConnectException: Connection refused
22:55:26.258 [Apollo-RemoteConfigRepository-1] WARN  c.c.f.a.i.AbstractConfigRepository - Sync config failed, will retry. Repository class com.ctrip.framework.apollo.internals.RemoteConfigRepository, reason: Get config services failed from http://meta.apollo.xxx.cn/services/config?appId=platform&ip=192.168.31.81 [Cause: Could not complete get operation [Cause: meta.apollo.xxx.cn]]
22:55:26.736 [org.springframework.jms.JmsListenerEndpointContainer#0-1] ERROR o.s.j.l.DefaultMessageListenerContainer - Could not refresh JMS Connection for destination 'activemq.queue' - retrying using FixedBackOff{interval=5000, currentAttempts=80, maxAttempts=unlimited}. Cause: Could not connect to broker URL: tcp://localhost:61616. Reason: java.net.ConnectException: Connection refused
22:55:56.079 [org.springframework.jms.JmsListenerEndpointContainer#0-1] ERROR o.s.j.l.DefaultMessageListenerContainer - Could not refresh JMS Connection for destination 'activemq.queue' - retrying using FixedBackOff{interval=5000, currentAttempts=81, maxAttempts=unlimited}. Cause: Could not connect to broker URL: tcp://localhost:61616. Reason: java.net.ConnectException: Connection refused
22:55:59.754 [Apollo-RemoteConfigRepository-1] WARN  c.c.f.a.i.AbstractConfigRepository - Sync config failed, will retry. Repository class com.ctrip.framework.apollo.internals.RemoteConfigRepository, reason: Get config services failed from http://meta.apollo.xxx.cn/services/config?appId=platform&ip=192.168.31.81 [Cause: Could not complete get operation [Cause: meta.apollo.xxx.cn]]
22:56:01.089 [org.springframework.jms.JmsListenerEndpointContainer#0-1] ERROR o.s.j.l.DefaultMessageListenerContainer - Could not refresh JMS Connection for destination 'activemq.queue' - retrying using FixedBackOff{interval=5000, currentAttempts=82, maxAttempts=unlimited}. Cause: Could not connect to broker URL: tcp://localhost:61616. Reason: java.net.ConnectException: Connection refused
22:56:06.094 [org.springframework.jms.JmsListenerEndpointContainer#0-1] ERROR o.s.j.l.DefaultMessageListenerContainer - Could not refresh JMS Connection for destination 'activemq.queue' - retrying using FixedBackOff{interval=5000, currentAttempts=83, maxAttempts=unlimited}. Cause: Could not connect to broker URL: tcp://localhost:61616. Reason: java.net.ConnectException: Connection refused
22:56:34.620 [org.springframework.jms.JmsListenerEndpointContainer#0-1] ERROR o.s.j.l.DefaultMessageListenerContainer - Could not refresh JMS Connection for destination 'activemq.queue' - retrying using FixedBackOff{interval=5000, currentAttempts=84, maxAttempts=unlimited}. Cause: Could not connect to broker URL: tcp://localhost:61616. Reason: java.net.ConnectException: Connection refused
22:56:39.631 [org.springframework.jms.JmsListenerEndpointContainer#0-1] ERROR o.s.j.l.DefaultMessageListenerContainer - Could not refresh JMS Connection for destination 'activemq.queue' - retrying using FixedBackOff{interval=5000, currentAttempts=85, maxAttempts=unlimited}. Cause: Could not connect to broker URL: tcp://localhost:61616. Reason: java.net.ConnectException: Connection refused
22:56:44.635 [org.springframework.jms.JmsListenerEndpointContainer#0-1] ERROR o.s.j.l.DefaultMessageListenerContainer - Could not refresh JMS Connection for destination 'activemq.queue' - retrying using FixedBackOff{interval=5000, currentAttempts=86, maxAttempts=unlimited}. Cause: Could not connect to broker URL: tcp://localhost:61616. Reason: java.net.ConnectException: Connection refused
22:56:49.647 [org.springframework.jms.JmsListenerEndpointContainer#0-1] ERROR o.s.j.l.DefaultMessageListenerContainer - Could not refresh JMS Connection for destination 'activemq.queue' - retrying using FixedBackOff{interval=5000, currentAttempts=87, maxAttempts=unlimited}. Cause: Could not connect to broker URL: tcp://localhost:61616. Reason: java.net.ConnectException: Connection refused
22:56:54.657 [org.springframework.jms.JmsListenerEndpointContainer#0-1] ERROR o.s.j.l.DefaultMessageListenerContainer - Could not refresh JMS Connection for destination 'activemq.queue' - retrying using FixedBackOff{interval=5000, currentAttempts=88, maxAttempts=unlimited}. Cause: Could not connect to broker URL: tcp://localhost:61616. Reason: java.net.ConnectException: Connection refused
22:56:59.671 [org.springframework.jms.JmsListenerEndpointContainer#0-1] ERROR o.s.j.l.DefaultMessageListenerContainer - Could not refresh JMS Connection for destination 'activemq.queue' - retrying using FixedBackOff{interval=5000, currentAttempts=89, maxAttempts=unlimited}. Cause: Could not connect to broker URL: tcp://localhost:61616. Reason: java.net.ConnectException: Connection refused
22:57:04.677 [org.springframework.jms.JmsListenerEndpointContainer#0-1] ERROR o.s.j.l.DefaultMessageListenerContainer - Could not refresh JMS Connection for destination 'activemq.queue' - retrying using FixedBackOff{interval=5000, currentAttempts=90, maxAttempts=unlimited}. Cause: Could not connect to broker URL: tcp://localhost:61616. Reason: java.net.ConnectException: Connection refused
